nohup: ignoring input
Building DAG of jobs...
Using shell: /usr/bin/bash
Provided cores: 8
Rules claiming more threads will be scaled down.
Job counts:
	count	jobs
	1	all
	2	iqtree_snp_sites
	2	panaroo
	2	snp_dists_full
	2	snp_dists_snp_sites
	2	snp_sites
	11
Select jobs to execute...

[Thu Jun  9 11:43:54 2022]
rule panaroo:
    input: results/test/subsets/test1_gff_locations.txt
    output: results/test/panaroo/test1
    log: logs/test/panaroo/test1.log
    jobid: 2
    wildcards: prefix=test, subset_prefix=test1
    threads: 8

cat results/test/subsets/test1_gff_locations.txt | xargs panaroo -o results/test/panaroo/test1 --clean-mode strict -a core --aligner mafft --core_threshold 0.98 -t 8 -i
Activating conda environment: /data/malcummi/pipelord2_new/pipelord2_0/.snakemake/conda/6daaf4db
  0%|          | 0/1 [00:00<?, ?it/s]  0%|          | 0/1 [00:02<?, ?it/s]
joblib.externals.loky.process_executor._RemoteTraceback: 
"""
Traceback (most recent call last):
  File "/data/malcummi/pipelord2_new/pipelord2_0/.snakemake/conda/6daaf4db/lib/python3.7/site-packages/joblib/externals/loky/process_executor.py", line 436, in _process_worker
    r = call_item()
  File "/data/malcummi/pipelord2_new/pipelord2_0/.snakemake/conda/6daaf4db/lib/python3.7/site-packages/joblib/externals/loky/process_executor.py", line 288, in __call__
    return self.fn(*self.args, **self.kwargs)
  File "/data/malcummi/pipelord2_new/pipelord2_0/.snakemake/conda/6daaf4db/lib/python3.7/site-packages/joblib/_parallel_backends.py", line 595, in __call__
    return self.func(*args, **kwargs)
  File "/data/malcummi/pipelord2_new/pipelord2_0/.snakemake/conda/6daaf4db/lib/python3.7/site-packages/joblib/parallel.py", line 263, in __call__
    for func, args, kwargs in self.items]
  File "/data/malcummi/pipelord2_new/pipelord2_0/.snakemake/conda/6daaf4db/lib/python3.7/site-packages/joblib/parallel.py", line 263, in <listcomp>
    for func, args, kwargs in self.items]
  File "/data/malcummi/pipelord2_new/pipelord2_0/.snakemake/conda/6daaf4db/lib/python3.7/site-packages/panaroo/prokka.py", line 175, in get_gene_sequences
    return sequence_dictionary, translate_sequences(sequence_dictionary, table)
  File "/data/malcummi/pipelord2_new/pipelord2_0/.snakemake/conda/6daaf4db/lib/python3.7/site-packages/panaroo/prokka.py", line 192, in translate_sequences
    raise ValueError("Premature stop codon in a gene!")
ValueError: Premature stop codon in a gene!
"""

The above exception was the direct cause of the following exception:

Traceback (most recent call last):
  File "/data/malcummi/pipelord2_new/pipelord2_0/.snakemake/conda/6daaf4db/lib/python3.7/site-packages/panaroo/prokka.py", line 247, in process_prokka_input
    for gff_no, gff in job)
  File "/data/malcummi/pipelord2_new/pipelord2_0/.snakemake/conda/6daaf4db/lib/python3.7/site-packages/joblib/parallel.py", line 1056, in __call__
    self.retrieve()
  File "/data/malcummi/pipelord2_new/pipelord2_0/.snakemake/conda/6daaf4db/lib/python3.7/site-packages/joblib/parallel.py", line 935, in retrieve
    self._output.extend(job.get(timeout=self.timeout))
  File "/data/malcummi/pipelord2_new/pipelord2_0/.snakemake/conda/6daaf4db/lib/python3.7/site-packages/joblib/_parallel_backends.py", line 542, in wrap_future_result
    return future.result(timeout=timeout)
  File "/data/malcummi/pipelord2_new/pipelord2_0/.snakemake/conda/6daaf4db/lib/python3.7/concurrent/futures/_base.py", line 428, in result
    return self.__get_result()
  File "/data/malcummi/pipelord2_new/pipelord2_0/.snakemake/conda/6daaf4db/lib/python3.7/concurrent/futures/_base.py", line 384, in __get_result
    raise self._exception
ValueError: Premature stop codon in a gene!

During handling of the above exception, another exception occurred:

Traceback (most recent call last):
  File "/data/malcummi/pipelord2_new/pipelord2_0/.snakemake/conda/6daaf4db/bin/panaroo", line 10, in <module>
    sys.exit(main())
  File "/data/malcummi/pipelord2_new/pipelord2_0/.snakemake/conda/6daaf4db/lib/python3.7/site-packages/panaroo/__main__.py", line 288, in main
    args.n_cpu, args.table)
  File "/data/malcummi/pipelord2_new/pipelord2_0/.snakemake/conda/6daaf4db/lib/python3.7/site-packages/panaroo/prokka.py", line 257, in process_prokka_input
    raise RuntimeError("Error reading prokka input!")
RuntimeError: Error reading prokka input!
[Thu Jun  9 11:44:00 2022]
Error in rule panaroo:
    jobid: 2
    output: results/test/panaroo/test1
    log: logs/test/panaroo/test1.log (check log file(s) for error message)
    conda-env: /data/malcummi/pipelord2_new/pipelord2_0/.snakemake/conda/6daaf4db
    shell:
        cat results/test/subsets/test1_gff_locations.txt | xargs panaroo -o results/test/panaroo/test1 --clean-mode strict -a core --aligner mafft --core_threshold 0.98 -t 8 -i
        (one of the commands exited with non-zero exit code; note that snakemake uses bash strict mode!)

Removing output files of failed job panaroo since they might be corrupted:
results/test/panaroo/test1
Trying to restart job 2.
Select jobs to execute...

[Thu Jun  9 11:44:00 2022]
rule panaroo:
    input: results/test/subsets/test2_gff_locations.txt
    output: results/test/panaroo/test2
    log: logs/test/panaroo/test2.log
    jobid: 3
    wildcards: prefix=test, subset_prefix=test2
    threads: 8

cat results/test/subsets/test2_gff_locations.txt | xargs panaroo -o results/test/panaroo/test2 --clean-mode strict -a core --aligner mafft --core_threshold 0.98 -t 8 -i
Activating conda environment: /data/malcummi/pipelord2_new/pipelord2_0/.snakemake/conda/6daaf4db
  0%|          | 0/1 [00:00<?, ?it/s]100%|██████████| 1/1 [00:03<00:00,  3.61s/it]100%|██████████| 1/1 [00:03<00:00,  3.61s/it]
  0%|          | 0/29 [00:00<?, ?it/s]100%|██████████| 29/29 [00:00<00:00, 1662.97it/s]
  0%|          | 0/9481 [00:00<?, ?it/s] 11%|█         | 1026/9481 [00:00<00:00, 10248.72it/s] 22%|██▏       | 2051/9481 [00:00<00:00, 9453.04it/s]  32%|███▏      | 3066/9481 [00:00<00:00, 9752.15it/s] 44%|████▎     | 4133/9481 [00:00<00:00, 10091.75it/s] 55%|█████▌    | 5217/9481 [00:00<00:00, 10352.69it/s] 68%|██████▊   | 6426/9481 [00:00<00:00, 10924.33it/s] 82%|████████▏ | 7792/9481 [00:00<00:00, 11809.82it/s]100%|██████████| 9481/9481 [00:00<00:00, 11782.84it/s]
  0%|          | 0/279 [00:00<?, ?it/s]100%|██████████| 279/279 [00:00<00:00, 4825.19it/s]
  0%|          | 0/10 [00:00<?, ?it/s]100%|██████████| 10/10 [00:00<00:00, 2929.60it/s]
  0%|          | 0/1 [00:00<?, ?it/s]100%|██████████| 1/1 [00:00<00:00, 2432.89it/s]
  0%|          | 0/9157 [00:00<?, ?it/s] 12%|█▏        | 1081/9157 [00:00<00:00, 10788.64it/s] 24%|██▎       | 2160/9157 [00:00<00:00, 9787.34it/s]  35%|███▌      | 3206/9157 [00:00<00:00, 10077.56it/s] 46%|████▌     | 4219/9157 [00:00<00:00, 9885.28it/s]  58%|█████▊    | 5356/9157 [00:00<00:00, 10400.88it/s] 73%|███████▎  | 6690/9157 [00:00<00:00, 11371.32it/s] 90%|████████▉ | 8205/9157 [00:00<00:00, 12580.11it/s]100%|██████████| 9157/9157 [00:00<00:00, 11097.40it/s]
  0%|          | 0/20 [00:00<?, ?it/s]100%|██████████| 20/20 [00:00<00:00, 2037.31it/s]
  0%|          | 0/4 [00:00<?, ?it/s]100%|██████████| 4/4 [00:00<00:00, 2861.05it/s]
  0%|          | 0/9132 [00:00<?, ?it/s] 10%|█         | 950/9132 [00:00<00:00, 9488.04it/s] 21%|██        | 1899/9132 [00:00<00:00, 8303.82it/s] 30%|███       | 2742/9132 [00:00<00:00, 8342.50it/s] 40%|███▉      | 3632/9132 [00:00<00:00, 8546.77it/s] 50%|████▉     | 4563/9132 [00:00<00:00, 8799.57it/s] 62%|██████▏   | 5700/9132 [00:00<00:00, 9648.50it/s] 76%|███████▌  | 6898/9132 [00:00<00:00, 10398.60it/s] 91%|█████████ | 8316/9132 [00:00<00:00, 11573.73it/s]100%|██████████| 9132/9132 [00:00<00:00, 9809.64it/s] 
  0%|          | 0/6 [00:00<?, ?it/s]100%|██████████| 6/6 [00:00<00:00, 1996.97it/s]
  0%|          | 0/9126 [00:00<?, ?it/s] 10%|█         | 951/9126 [00:00<00:00, 9504.98it/s] 21%|██        | 1902/9126 [00:00<00:00, 9344.47it/s] 33%|███▎      | 2978/9126 [00:00<00:00, 9969.41it/s] 46%|████▌     | 4188/9126 [00:00<00:00, 10790.38it/s] 66%|██████▌   | 5978/9126 [00:00<00:00, 13320.12it/s] 88%|████████▊ | 8053/9126 [00:00<00:00, 15817.38it/s]100%|██████████| 9126/9126 [00:00<00:00, 13543.85it/s]
  0%|          | 0/964 [00:00<?, ?it/s] 55%|█████▍    | 528/964 [00:00<00:00, 5275.07it/s]100%|██████████| 964/964 [00:00<00:00, 5552.07it/s]
  0%|          | 0/164 [00:00<?, ?it/s]100%|██████████| 164/164 [00:00<00:00, 4170.65it/s]
  0%|          | 0/40 [00:00<?, ?it/s]100%|██████████| 40/40 [00:00<00:00, 2787.75it/s]
  0%|          | 0/13 [00:00<?, ?it/s]100%|██████████| 13/13 [00:00<00:00, 2481.50it/s]
  0%|          | 0/7 [00:00<?, ?it/s]100%|██████████| 7/7 [00:00<00:00, 2293.94it/s]
  0%|          | 0/4 [00:00<?, ?it/s]100%|██████████| 4/4 [00:00<00:00, 1804.00it/s]
  0%|          | 0/3 [00:00<?, ?it/s]100%|██████████| 3/3 [00:00<00:00, 3415.56it/s]
  0%|          | 0/1 [00:00<?, ?it/s]100%|██████████| 1/1 [00:00<00:00, 2032.12it/s]
  0%|          | 0/1 [00:00<?, ?it/s]100%|██████████| 1/1 [00:00<00:00, 55924.05it/s]
  0%|          | 0/7550 [00:00<?, ?it/s] 29%|██▉       | 2206/7550 [00:00<00:00, 22030.61it/s] 66%|██████▋   | 5012/7550 [00:00<00:00, 25574.98it/s]100%|██████████| 7550/7550 [00:00<00:00, 19500.57it/s]
  0%|          | 0/33 [00:00<?, ?it/s]100%|██████████| 33/33 [00:00<00:00, 2100.27it/s]
  0%|          | 0/6 [00:00<?, ?it/s]100%|██████████| 6/6 [00:00<00:00, 2550.50it/s]
  0%|          | 0/7510 [00:00<?, ?it/s] 27%|██▋       | 2003/7510 [00:00<00:00, 19989.51it/s] 59%|█████▉    | 4429/7510 [00:00<00:00, 22452.82it/s] 89%|████████▉ | 6675/7510 [00:00<00:00, 21442.78it/s]100%|██████████| 7510/7510 [00:00<00:00, 17031.07it/s]
  0%|          | 0/26 [00:00<?, ?it/s]100%|██████████| 26/26 [00:00<00:00, 1976.69it/s]
  0%|          | 0/3 [00:00<?, ?it/s]100%|██████████| 3/3 [00:00<00:00, 5206.00it/s]
  0%|          | 0/1 [00:00<?, ?it/s]100%|██████████| 1/1 [00:00<00:00, 918.80it/s]
  0%|          | 0/2 [00:00<?, ?it/s]100%|██████████| 2/2 [00:00<00:00, 3217.72it/s]
  0%|          | 0/2 [00:00<?, ?it/s]100%|██████████| 2/2 [00:00<00:00, 98689.51it/s]
0it [00:00, ?it/s]4it [00:00, 5767.35it/s]
  0%|          | 0/6147 [00:00<?, ?it/s] 35%|███▌      | 2176/6147 [00:00<00:00, 21686.29it/s] 80%|████████  | 4933/6147 [00:00<00:00, 25093.52it/s]100%|██████████| 6147/6147 [00:00<00:00, 18772.47it/s]
  0%|          | 0/6147 [00:00<?, ?it/s] 33%|███▎      | 2006/6147 [00:00<00:00, 20021.97it/s] 73%|███████▎  | 4511/6147 [00:00<00:00, 22961.96it/s]100%|██████████| 6147/6147 [00:00<00:00, 17006.47it/s]
  0%|          | 0/6147 [00:00<?, ?it/s] 31%|███▏      | 1926/6147 [00:00<00:00, 19196.22it/s] 68%|██████▊   | 4151/6147 [00:00<00:00, 20988.41it/s]100%|██████████| 6147/6147 [00:00<00:00, 15558.19it/s]
  0%|          | 0/3514 [00:00<?, ?it/s]  0%|          | 16/3514 [00:00<00:52, 67.26it/s]  1%|          | 24/3514 [00:00<01:14, 46.59it/s]  1%|          | 32/3514 [00:00<01:22, 41.96it/s]  1%|          | 40/3514 [00:00<01:26, 40.11it/s]  1%|▏         | 48/3514 [00:01<01:28, 39.04it/s]  2%|▏         | 56/3514 [00:01<01:30, 38.04it/s]  2%|▏         | 64/3514 [00:01<01:35, 36.19it/s]  2%|▏         | 72/3514 [00:01<01:34, 36.31it/s]  2%|▏         | 80/3514 [00:02<01:34, 36.21it/s]  3%|▎         | 88/3514 [00:02<01:34, 36.36it/s]  3%|▎         | 96/3514 [00:02<01:33, 36.51it/s]  3%|▎         | 104/3514 [00:02<01:36, 35.34it/s]  3%|▎         | 112/3514 [00:02<01:35, 35.70it/s]  3%|▎         | 120/3514 [00:03<01:34, 36.05it/s]  4%|▎         | 128/3514 [00:03<01:33, 36.12it/s]  4%|▍         | 136/3514 [00:03<01:33, 36.21it/s]  4%|▍         | 144/3514 [00:03<01:36, 34.76it/s]  4%|▍         | 152/3514 [00:04<01:35, 35.25it/s]  5%|▍         | 160/3514 [00:04<01:34, 35.54it/s]  5%|▍         | 168/3514 [00:04<01:33, 35.66it/s]  5%|▌         | 176/3514 [00:04<01:32, 35.93it/s]  5%|▌         | 184/3514 [00:04<01:35, 35.05it/s]  5%|▌         | 192/3514 [00:05<01:33, 35.50it/s]  6%|▌         | 200/3514 [00:05<01:32, 35.86it/s]  6%|▌         | 208/3514 [00:05<01:31, 36.07it/s]  6%|▌         | 216/3514 [00:05<01:30, 36.26it/s]  6%|▋         | 224/3514 [00:06<01:32, 35.55it/s]  7%|▋         | 232/3514 [00:06<01:32, 35.50it/s]  7%|▋         | 240/3514 [00:06<01:31, 35.76it/s]  7%|▋         | 248/3514 [00:06<01:30, 35.95it/s]  7%|▋         | 256/3514 [00:06<01:30, 36.14it/s]  8%|▊         | 264/3514 [00:07<01:30, 36.10it/s]  8%|▊         | 272/3514 [00:07<01:33, 34.49it/s]  8%|▊         | 280/3514 [00:07<01:32, 34.96it/s]  8%|▊         | 288/3514 [00:07<01:31, 35.40it/s]  8%|▊         | 296/3514 [00:08<01:30, 35.65it/s]  9%|▊         | 304/3514 [00:08<01:29, 35.69it/s]  9%|▉         | 312/3514 [00:08<01:35, 33.51it/s]  9%|▉         | 320/3514 [00:08<01:33, 34.26it/s]  9%|▉         | 328/3514 [00:09<01:31, 34.83it/s] 10%|▉         | 336/3514 [00:09<01:30, 35.27it/s] 10%|▉         | 344/3514 [00:09<01:29, 35.52it/s] 10%|█         | 352/3514 [00:09<01:33, 33.80it/s] 10%|█         | 360/3514 [00:09<01:31, 34.61it/s] 10%|█         | 368/3514 [00:10<01:29, 35.11it/s] 11%|█         | 376/3514 [00:10<01:27, 35.70it/s] 11%|█         | 384/3514 [00:10<01:29, 35.07it/s] 11%|█         | 392/3514 [00:10<01:27, 35.56it/s] 11%|█▏        | 400/3514 [00:11<01:26, 35.96it/s] 12%|█▏        | 408/3514 [00:11<01:25, 36.12it/s] 12%|█▏        | 416/3514 [00:11<01:25, 36.28it/s] 12%|█▏        | 424/3514 [00:11<01:27, 35.27it/s] 12%|█▏        | 432/3514 [00:11<01:27, 35.25it/s] 13%|█▎        | 440/3514 [00:12<01:26, 35.35it/s] 13%|█▎        | 448/3514 [00:12<01:26, 35.42it/s] 13%|█▎        | 456/3514 [00:12<01:26, 35.48it/s] 13%|█▎        | 464/3514 [00:12<01:25, 35.57it/s] 13%|█▎        | 472/3514 [00:13<01:28, 34.53it/s] 14%|█▎        | 480/3514 [00:13<01:26, 35.06it/s] 14%|█▍        | 488/3514 [00:13<01:24, 35.61it/s] 14%|█▍        | 496/3514 [00:13<01:24, 35.73it/s] 14%|█▍        | 504/3514 [00:14<01:25, 35.11it/s] 15%|█▍        | 512/3514 [00:14<01:25, 35.15it/s] 15%|█▍        | 520/3514 [00:14<01:24, 35.39it/s] 15%|█▌        | 528/3514 [00:14<01:23, 35.67it/s] 15%|█▌        | 536/3514 [00:14<01:23, 35.80it/s] 15%|█▌        | 544/3514 [00:15<01:25, 34.93it/s] 16%|█▌        | 552/3514 [00:15<01:24, 35.23it/s] 16%|█▌        | 560/3514 [00:15<01:23, 35.52it/s] 16%|█▌        | 568/3514 [00:15<01:22, 35.77it/s] 16%|█▋        | 576/3514 [00:16<01:21, 36.05it/s] 17%|█▋        | 584/3514 [00:16<01:23, 35.28it/s] 17%|█▋        | 592/3514 [00:16<01:21, 35.64it/s] 17%|█▋        | 600/3514 [00:16<01:21, 35.75it/s] 17%|█▋        | 608/3514 [00:16<01:21, 35.85it/s] 18%|█▊        | 616/3514 [00:17<01:21, 35.42it/s] 18%|█▊        | 624/3514 [00:17<01:24, 34.27it/s] 18%|█▊        | 632/3514 [00:17<01:24, 34.11it/s] 18%|█▊        | 640/3514 [00:17<01:24, 34.05it/s] 18%|█▊        | 648/3514 [00:18<01:24, 33.92it/s] 19%|█▊        | 656/3514 [00:18<01:24, 33.97it/s] 19%|█▉        | 664/3514 [00:18<01:25, 33.23it/s] 19%|█▉        | 672/3514 [00:18<01:24, 33.77it/s] 19%|█▉        | 680/3514 [00:19<01:24, 33.55it/s] 20%|█▉        | 688/3514 [00:19<01:23, 33.83it/s] 20%|█▉        | 696/3514 [00:19<01:22, 34.06it/s] 20%|██        | 704/3514 [00:19<01:21, 34.34it/s] 20%|██        | 712/3514 [00:20<01:21, 34.25it/s] 20%|██        | 720/3514 [00:20<01:24, 33.19it/s] 21%|██        | 728/3514 [00:20<01:22, 33.87it/s] 21%|██        | 736/3514 [00:20<01:22, 33.67it/s] 21%|██        | 744/3514 [00:20<01:20, 34.32it/s] 21%|██▏       | 752/3514 [00:21<01:19, 34.77it/s] 22%|██▏       | 760/3514 [00:21<01:18, 35.22it/s] 22%|██▏       | 768/3514 [00:21<01:17, 35.54it/s] 22%|██▏       | 776/3514 [00:21<01:18, 34.95it/s] 22%|██▏       | 784/3514 [00:22<01:17, 35.29it/s] 23%|██▎       | 792/3514 [00:22<01:18, 34.55it/s] 23%|██▎       | 800/3514 [00:22<01:17, 35.20it/s] 23%|██▎       | 808/3514 [00:22<01:15, 35.63it/s] 23%|██▎       | 816/3514 [00:22<01:15, 35.94it/s] 23%|██▎       | 824/3514 [00:23<01:14, 35.93it/s] 24%|██▎       | 832/3514 [00:23<01:18, 34.24it/s] 24%|██▍       | 840/3514 [00:23<01:16, 34.89it/s] 24%|██▍       | 848/3514 [00:23<01:15, 35.28it/s] 24%|██▍       | 856/3514 [00:24<01:14, 35.63it/s] 25%|██▍       | 864/3514 [00:24<01:15, 34.96it/s] 25%|██▍       | 872/3514 [00:24<01:16, 34.70it/s] 25%|██▌       | 880/3514 [00:24<01:14, 35.23it/s] 25%|██▌       | 888/3514 [00:25<01:16, 34.55it/s] 25%|██▌       | 896/3514 [00:25<01:15, 34.80it/s] 26%|██▌       | 904/3514 [00:25<01:16, 34.29it/s] 26%|██▌       | 912/3514 [00:25<01:16, 34.06it/s] 26%|██▌       | 920/3514 [00:25<01:14, 34.77it/s] 26%|██▋       | 928/3514 [00:26<01:13, 35.33it/s] 27%|██▋       | 936/3514 [00:26<01:12, 35.66it/s] 27%|██▋       | 944/3514 [00:26<01:13, 35.05it/s] 27%|██▋       | 952/3514 [00:26<01:12, 35.50it/s] 27%|██▋       | 960/3514 [00:27<01:11, 35.92it/s] 28%|██▊       | 968/3514 [00:27<01:10, 36.18it/s] 28%|██▊       | 976/3514 [00:27<01:10, 36.08it/s] 28%|██▊       | 984/3514 [00:27<01:11, 35.32it/s] 28%|██▊       | 992/3514 [00:27<01:11, 35.50it/s] 28%|██▊       | 1000/3514 [00:28<01:10, 35.58it/s] 29%|██▊       | 1008/3514 [00:28<01:10, 35.59it/s] 29%|██▉       | 1016/3514 [00:28<01:10, 35.52it/s] 29%|██▉       | 1024/3514 [00:28<01:10, 35.12it/s] 29%|██▉       | 1032/3514 [00:29<01:10, 35.22it/s] 30%|██▉       | 1040/3514 [00:29<01:11, 34.42it/s] 30%|██▉       | 1048/3514 [00:29<01:11, 34.56it/s] 30%|███       | 1056/3514 [00:29<01:10, 34.68it/s] 30%|███       | 1064/3514 [00:30<01:09, 35.11it/s] 31%|███       | 1072/3514 [00:30<01:10, 34.58it/s] 31%|███       | 1080/3514 [00:30<01:09, 35.22it/s] 31%|███       | 1088/3514 [00:30<01:08, 35.58it/s] 31%|███       | 1096/3514 [00:30<01:07, 35.80it/s] 31%|███▏      | 1104/3514 [00:31<01:07, 35.49it/s] 32%|███▏      | 1112/3514 [00:31<01:08, 35.04it/s] 32%|███▏      | 1120/3514 [00:31<01:07, 35.43it/s] 32%|███▏      | 1128/3514 [00:31<01:06, 35.65it/s] 32%|███▏      | 1136/3514 [00:32<01:06, 35.77it/s] 33%|███▎      | 1144/3514 [00:32<01:05, 35.96it/s] 33%|███▎      | 1152/3514 [00:32<01:06, 35.44it/s] 33%|███▎      | 1160/3514 [00:32<01:05, 35.72it/s] 33%|███▎      | 1168/3514 [00:32<01:05, 35.66it/s] 33%|███▎      | 1176/3514 [00:33<01:05, 35.78it/s] 34%|███▎      | 1184/3514 [00:33<01:04, 35.91it/s] 34%|███▍      | 1192/3514 [00:33<01:04, 35.75it/s] 34%|███▍      | 1200/3514 [00:33<01:04, 35.99it/s] 34%|███▍      | 1208/3514 [00:34<01:05, 35.23it/s] 35%|███▍      | 1216/3514 [00:34<01:04, 35.55it/s] 35%|███▍      | 1224/3514 [00:34<01:08, 33.57it/s] 35%|███▌      | 1232/3514 [00:34<01:08, 33.37it/s] 35%|███▌      | 1240/3514 [00:35<01:06, 34.12it/s] 36%|███▌      | 1248/3514 [00:35<01:06, 34.15it/s] 36%|███▌      | 1256/3514 [00:35<01:04, 34.84it/s] 36%|███▌      | 1264/3514 [00:35<01:03, 35.38it/s] 36%|███▌      | 1272/3514 [00:35<01:03, 35.12it/s] 36%|███▋      | 1280/3514 [00:36<01:02, 35.54it/s] 37%|███▋      | 1288/3514 [00:36<01:02, 35.64it/s] 37%|███▋      | 1296/3514 [00:36<01:01, 35.91it/s] 37%|███▋      | 1304/3514 [00:36<01:01, 36.05it/s] 37%|███▋      | 1312/3514 [00:37<01:02, 35.26it/s] 38%|███▊      | 1320/3514 [00:37<01:01, 35.59it/s] 38%|███▊      | 1328/3514 [00:37<01:01, 35.79it/s] 38%|███▊      | 1336/3514 [00:37<01:00, 35.89it/s] 38%|███▊      | 1344/3514 [00:37<01:00, 35.80it/s] 38%|███▊      | 1352/3514 [00:38<01:03, 33.94it/s] 39%|███▊      | 1360/3514 [00:38<01:02, 34.58it/s] 39%|███▉      | 1368/3514 [00:38<01:02, 34.54it/s] 39%|███▉      | 1376/3514 [00:38<01:01, 34.90it/s] 39%|███▉      | 1384/3514 [00:39<01:00, 35.35it/s] 40%|███▉      | 1392/3514 [00:39<01:01, 34.51it/s] 40%|███▉      | 1400/3514 [00:39<01:00, 34.91it/s] 40%|████      | 1408/3514 [00:39<00:59, 35.36it/s] 40%|████      | 1416/3514 [00:40<00:58, 35.68it/s] 41%|████      | 1424/3514 [00:40<00:59, 34.96it/s] 41%|████      | 1432/3514 [00:40<00:58, 35.45it/s] 41%|████      | 1440/3514 [00:40<00:58, 35.74it/s] 41%|████      | 1448/3514 [00:40<00:57, 35.92it/s] 41%|████▏     | 1456/3514 [00:41<00:57, 36.00it/s] 42%|████▏     | 1464/3514 [00:41<00:58, 35.06it/s] 42%|████▏     | 1472/3514 [00:41<00:57, 35.49it/s] 42%|████▏     | 1480/3514 [00:41<00:56, 35.79it/s] 42%|████▏     | 1488/3514 [00:42<00:56, 36.02it/s] 43%|████▎     | 1496/3514 [00:42<00:55, 36.14it/s] 43%|████▎     | 1504/3514 [00:42<00:57, 35.23it/s] 43%|████▎     | 1512/3514 [00:42<00:56, 35.20it/s] 43%|████▎     | 1520/3514 [00:42<00:56, 35.18it/s] 43%|████▎     | 1528/3514 [00:43<00:55, 35.60it/s] 44%|████▎     | 1536/3514 [00:43<00:55, 35.88it/s] 44%|████▍     | 1544/3514 [00:43<00:56, 35.18it/s] 44%|████▍     | 1552/3514 [00:43<00:59, 33.07it/s] 44%|████▍     | 1560/3514 [00:44<00:57, 34.12it/s] 45%|████▍     | 1568/3514 [00:44<00:56, 34.66it/s] 45%|████▍     | 1576/3514 [00:44<00:55, 35.04it/s] 45%|████▌     | 1584/3514 [00:44<00:54, 35.14it/s] 45%|████▌     | 1592/3514 [00:45<00:55, 34.82it/s] 46%|████▌     | 1600/3514 [00:45<00:54, 35.40it/s] 46%|████▌     | 1608/3514 [00:45<00:54, 34.85it/s] 46%|████▌     | 1616/3514 [00:45<00:53, 35.44it/s] 46%|████▌     | 1624/3514 [00:45<00:52, 35.82it/s] 46%|████▋     | 1632/3514 [00:46<00:52, 36.08it/s] 47%|████▋     | 1640/3514 [00:46<00:52, 35.55it/s] 47%|████▋     | 1648/3514 [00:46<00:52, 35.59it/s] 47%|████▋     | 1656/3514 [00:46<00:52, 35.48it/s] 47%|████▋     | 1664/3514 [00:47<00:52, 35.50it/s] 48%|████▊     | 1672/3514 [00:47<00:51, 35.70it/s] 48%|████▊     | 1680/3514 [00:47<00:53, 34.44it/s] 48%|████▊     | 1688/3514 [00:47<00:52, 34.53it/s] 48%|████▊     | 1696/3514 [00:47<00:52, 34.41it/s] 48%|████▊     | 1704/3514 [00:48<00:53, 33.78it/s] 49%|████▊     | 1712/3514 [00:48<00:53, 33.79it/s] 49%|████▉     | 1720/3514 [00:48<00:56, 31.94it/s] 49%|████▉     | 1728/3514 [00:49<00:56, 31.89it/s] 49%|████▉     | 1736/3514 [00:49<00:54, 32.65it/s] 50%|████▉     | 1744/3514 [00:49<00:53, 32.87it/s] 50%|████▉     | 1752/3514 [00:49<00:53, 32.97it/s] 50%|█████     | 1760/3514 [00:49<00:53, 33.08it/s] 50%|█████     | 1768/3514 [00:50<00:52, 33.02it/s] 51%|█████     | 1776/3514 [00:50<00:52, 33.41it/s] 51%|█████     | 1784/3514 [00:50<00:51, 33.43it/s] 51%|█████     | 1792/3514 [00:50<00:51, 33.67it/s] 51%|█████     | 1800/3514 [00:51<00:50, 34.00it/s] 51%|█████▏    | 1808/3514 [00:51<00:50, 33.78it/s] 52%|█████▏    | 1816/3514 [00:51<00:49, 34.20it/s] 52%|█████▏    | 1824/3514 [00:51<00:49, 34.22it/s] 52%|█████▏    | 1832/3514 [00:52<00:49, 34.28it/s] 52%|█████▏    | 1840/3514 [00:52<00:48, 34.40it/s] 53%|█████▎    | 1848/3514 [00:52<00:48, 34.54it/s] 53%|█████▎    | 1856/3514 [00:52<00:47, 34.61it/s] 53%|█████▎    | 1864/3514 [00:52<00:47, 34.64it/s] 53%|█████▎    | 1872/3514 [00:53<00:46, 35.18it/s] 54%|█████▎    | 1880/3514 [00:53<00:46, 35.50it/s] 54%|█████▎    | 1888/3514 [00:53<00:45, 35.71it/s] 54%|█████▍    | 1896/3514 [00:53<00:46, 34.75it/s] 54%|█████▍    | 1904/3514 [00:54<00:45, 35.18it/s] 54%|█████▍    | 1912/3514 [00:54<00:45, 35.36it/s] 55%|█████▍    | 1920/3514 [00:54<00:44, 35.59it/s] 55%|█████▍    | 1928/3514 [00:54<00:44, 35.86it/s] 55%|█████▌    | 1936/3514 [00:55<00:44, 35.11it/s] 55%|█████▌    | 1944/3514 [00:55<00:47, 32.91it/s] 56%|█████▌    | 1952/3514 [00:55<00:46, 33.24it/s] 56%|█████▌    | 1960/3514 [00:55<00:47, 32.74it/s] 56%|█████▌    | 1968/3514 [00:56<00:46, 33.36it/s] 56%|█████▌    | 1976/3514 [00:56<00:46, 33.17it/s] 56%|█████▋    | 1984/3514 [00:56<00:44, 34.25it/s] 57%|█████▋    | 1992/3514 [00:56<00:43, 34.86it/s] 57%|█████▋    | 2000/3514 [00:56<00:42, 35.31it/s] 57%|█████▋    | 2008/3514 [00:57<00:43, 34.92it/s] 57%|█████▋    | 2016/3514 [00:57<00:42, 35.10it/s] 58%|█████▊    | 2024/3514 [00:57<00:41, 35.49it/s] 58%|█████▊    | 2032/3514 [00:57<00:41, 35.69it/s] 58%|█████▊    | 2040/3514 [00:58<00:41, 35.47it/s] 58%|█████▊    | 2048/3514 [00:58<00:41, 35.18it/s] 59%|█████▊    | 2056/3514 [00:58<00:42, 34.17it/s] 59%|█████▊    | 2064/3514 [00:58<00:42, 34.30it/s] 59%|█████▉    | 2072/3514 [00:58<00:41, 34.73it/s] 59%|█████▉    | 2080/3514 [00:59<00:40, 35.01it/s] 59%|█████▉    | 2088/3514 [00:59<00:40, 35.17it/s] 60%|█████▉    | 2096/3514 [00:59<00:41, 34.03it/s] 60%|█████▉    | 2104/3514 [00:59<00:40, 34.55it/s] 60%|██████    | 2112/3514 [01:00<00:40, 34.91it/s] 60%|██████    | 2120/3514 [01:00<00:39, 34.89it/s] 61%|██████    | 2128/3514 [01:00<00:40, 34.45it/s] 61%|██████    | 2136/3514 [01:00<00:40, 33.98it/s] 61%|██████    | 2144/3514 [01:01<00:41, 32.91it/s] 61%|██████    | 2152/3514 [01:01<00:41, 33.08it/s] 61%|██████▏   | 2160/3514 [01:01<00:40, 33.74it/s] 62%|██████▏   | 2168/3514 [01:01<00:39, 34.43it/s] 62%|██████▏   | 2176/3514 [01:02<00:38, 34.95it/s] 62%|██████▏   | 2184/3514 [01:02<00:38, 34.15it/s] 62%|██████▏   | 2192/3514 [01:02<00:38, 34.43it/s] 63%|██████▎   | 2200/3514 [01:02<00:37, 34.67it/s] 63%|██████▎   | 2208/3514 [01:02<00:37, 34.72it/s] 63%|██████▎   | 2216/3514 [01:03<00:37, 34.87it/s] 63%|██████▎   | 2224/3514 [01:03<00:37, 34.19it/s] 64%|██████▎   | 2232/3514 [01:03<00:36, 34.74it/s] 64%|██████▎   | 2240/3514 [01:03<00:36, 34.89it/s] 64%|██████▍   | 2248/3514 [01:04<00:36, 35.15it/s] 64%|██████▍   | 2256/3514 [01:04<00:36, 34.44it/s] 64%|██████▍   | 2264/3514 [01:04<00:36, 34.35it/s] 65%|██████▍   | 2272/3514 [01:04<00:36, 34.34it/s] 65%|██████▍   | 2280/3514 [01:05<00:35, 34.70it/s] 65%|██████▌   | 2288/3514 [01:05<00:35, 34.80it/s] 65%|██████▌   | 2296/3514 [01:05<00:35, 34.02it/s] 66%|██████▌   | 2304/3514 [01:05<00:35, 34.47it/s] 66%|██████▌   | 2312/3514 [01:05<00:34, 34.69it/s] 66%|██████▌   | 2320/3514 [01:06<00:34, 34.93it/s] 66%|██████▌   | 2328/3514 [01:06<00:33, 35.07it/s] 66%|██████▋   | 2336/3514 [01:06<00:34, 34.43it/s] 67%|██████▋   | 2344/3514 [01:06<00:33, 34.87it/s] 67%|██████▋   | 2352/3514 [01:07<00:33, 35.10it/s] 67%|██████▋   | 2360/3514 [01:07<00:32, 35.18it/s] 67%|██████▋   | 2368/3514 [01:07<00:32, 35.17it/s] 68%|██████▊   | 2376/3514 [01:07<00:32, 34.60it/s] 68%|██████▊   | 2384/3514 [01:08<00:32, 35.09it/s] 68%|██████▊   | 2392/3514 [01:08<00:31, 35.27it/s] 68%|██████▊   | 2400/3514 [01:08<00:31, 35.35it/s] 69%|██████▊   | 2408/3514 [01:08<00:32, 33.94it/s] 69%|██████▉   | 2416/3514 [01:08<00:32, 34.06it/s] 69%|██████▉   | 2424/3514 [01:09<00:31, 34.20it/s] 69%|██████▉   | 2432/3514 [01:09<00:31, 34.27it/s] 69%|██████▉   | 2440/3514 [01:09<00:31, 34.58it/s] 70%|██████▉   | 2448/3514 [01:09<00:31, 33.43it/s] 70%|██████▉   | 2456/3514 [01:10<00:31, 33.12it/s] 70%|███████   | 2464/3514 [01:10<00:30, 33.91it/s] 70%|███████   | 2472/3514 [01:10<00:30, 34.42it/s] 71%|███████   | 2480/3514 [01:10<00:30, 34.19it/s] 71%|███████   | 2488/3514 [01:11<00:31, 32.82it/s] 71%|███████   | 2496/3514 [01:11<00:31, 32.82it/s] 71%|███████▏  | 2504/3514 [01:11<00:30, 32.96it/s] 71%|███████▏  | 2512/3514 [01:11<00:29, 33.51it/s] 72%|███████▏  | 2520/3514 [01:12<00:29, 33.88it/s] 72%|███████▏  | 2528/3514 [01:12<00:28, 34.09it/s] 72%|███████▏  | 2536/3514 [01:12<00:28, 33.74it/s] 72%|███████▏  | 2544/3514 [01:12<00:28, 34.26it/s] 73%|███████▎  | 2552/3514 [01:12<00:27, 34.62it/s] 73%|███████▎  | 2560/3514 [01:13<00:27, 35.18it/s] 73%|███████▎  | 2568/3514 [01:13<00:27, 34.56it/s] 73%|███████▎  | 2576/3514 [01:13<00:27, 34.29it/s] 74%|███████▎  | 2584/3514 [01:13<00:27, 34.25it/s] 74%|███████▍  | 2592/3514 [01:14<00:26, 34.31it/s] 74%|███████▍  | 2600/3514 [01:14<00:26, 34.20it/s] 74%|███████▍  | 2608/3514 [01:14<00:27, 32.93it/s] 74%|███████▍  | 2616/3514 [01:14<00:27, 33.13it/s] 75%|███████▍  | 2624/3514 [01:15<00:26, 33.61it/s] 75%|███████▍  | 2632/3514 [01:15<00:25, 34.00it/s] 75%|███████▌  | 2640/3514 [01:15<00:26, 33.54it/s] 75%|███████▌  | 2648/3514 [01:15<00:25, 34.22it/s] 76%|███████▌  | 2656/3514 [01:16<00:25, 34.10it/s] 76%|███████▌  | 2664/3514 [01:16<00:25, 34.00it/s] 76%|███████▌  | 2672/3514 [01:16<00:24, 33.91it/s] 76%|███████▋  | 2680/3514 [01:16<00:24, 34.54it/s] 76%|███████▋  | 2688/3514 [01:16<00:23, 34.95it/s] 77%|███████▋  | 2696/3514 [01:17<00:24, 33.26it/s] 77%|███████▋  | 2704/3514 [01:17<00:24, 33.19it/s] 77%|███████▋  | 2712/3514 [01:17<00:23, 33.59it/s] 77%|███████▋  | 2720/3514 [01:17<00:23, 33.85it/s] 78%|███████▊  | 2728/3514 [01:18<00:23, 33.64it/s] 78%|███████▊  | 2736/3514 [01:18<00:23, 32.86it/s] 78%|███████▊  | 2744/3514 [01:18<00:22, 33.48it/s] 78%|███████▊  | 2752/3514 [01:18<00:22, 33.20it/s] 79%|███████▊  | 2760/3514 [01:19<00:22, 33.11it/s] 79%|███████▉  | 2768/3514 [01:19<00:23, 31.97it/s] 79%|███████▉  | 2776/3514 [01:19<00:22, 32.19it/s] 79%|███████▉  | 2784/3514 [01:19<00:22, 32.79it/s] 79%|███████▉  | 2792/3514 [01:20<00:22, 31.86it/s] 80%|███████▉  | 2800/3514 [01:20<00:22, 31.58it/s] 80%|███████▉  | 2808/3514 [01:20<00:22, 31.62it/s] 80%|████████  | 2816/3514 [01:20<00:21, 32.24it/s] 80%|████████  | 2824/3514 [01:21<00:20, 32.90it/s] 81%|████████  | 2832/3514 [01:21<00:20, 32.94it/s] 81%|████████  | 2840/3514 [01:21<00:20, 32.13it/s] 81%|████████  | 2848/3514 [01:21<00:20, 32.37it/s] 81%|████████▏ | 2856/3514 [01:22<00:19, 33.07it/s] 82%|████████▏ | 2864/3514 [01:22<00:19, 33.18it/s] 82%|████████▏ | 2872/3514 [01:22<00:19, 33.54it/s] 82%|████████▏ | 2880/3514 [01:22<00:19, 32.27it/s] 82%|████████▏ | 2888/3514 [01:23<00:19, 32.73it/s] 82%|████████▏ | 2896/3514 [01:23<00:18, 33.06it/s] 83%|████████▎ | 2904/3514 [01:23<00:18, 33.88it/s] 83%|████████▎ | 2912/3514 [01:23<00:17, 34.49it/s] 83%|████████▎ | 2920/3514 [01:24<00:17, 33.84it/s] 83%|████████▎ | 2928/3514 [01:24<00:17, 33.94it/s] 84%|████████▎ | 2936/3514 [01:24<00:17, 33.87it/s] 84%|████████▍ | 2944/3514 [01:24<00:16, 33.99it/s] 84%|████████▍ | 2952/3514 [01:24<00:16, 33.78it/s] 84%|████████▍ | 2960/3514 [01:25<00:16, 33.08it/s] 84%|████████▍ | 2968/3514 [01:25<00:16, 32.56it/s] 85%|████████▍ | 2976/3514 [01:25<00:16, 32.91it/s] 85%|████████▍ | 2984/3514 [01:25<00:15, 33.23it/s] 85%|████████▌ | 2992/3514 [01:26<00:15, 33.71it/s] 85%|████████▌ | 3000/3514 [01:26<00:15, 32.35it/s] 86%|████████▌ | 3008/3514 [01:26<00:15, 32.71it/s] 86%|████████▌ | 3016/3514 [01:26<00:14, 33.44it/s] 86%|████████▌ | 3024/3514 [01:27<00:14, 33.08it/s] 86%|████████▋ | 3032/3514 [01:27<00:14, 33.69it/s] 87%|████████▋ | 3040/3514 [01:27<00:14, 33.60it/s] 87%|████████▋ | 3048/3514 [01:27<00:14, 32.81it/s] 87%|████████▋ | 3056/3514 [01:28<00:13, 33.09it/s] 87%|████████▋ | 3064/3514 [01:28<00:13, 33.04it/s] 87%|████████▋ | 3072/3514 [01:28<00:13, 33.96it/s] 88%|████████▊ | 3080/3514 [01:28<00:12, 33.95it/s] 88%|████████▊ | 3088/3514 [01:29<00:12, 34.36it/s] 88%|████████▊ | 3096/3514 [01:29<00:12, 33.88it/s] 88%|████████▊ | 3104/3514 [01:29<00:11, 34.54it/s] 89%|████████▊ | 3112/3514 [01:29<00:11, 33.94it/s] 89%|████████▉ | 3120/3514 [01:29<00:11, 34.13it/s] 89%|████████▉ | 3128/3514 [01:30<00:11, 33.29it/s] 89%|████████▉ | 3136/3514 [01:30<00:11, 32.91it/s] 89%|████████▉ | 3144/3514 [01:30<00:11, 32.59it/s] 90%|████████▉ | 3152/3514 [01:30<00:11, 31.92it/s] 90%|████████▉ | 3160/3514 [01:31<00:11, 32.01it/s] 90%|█████████ | 3168/3514 [01:31<00:10, 32.42it/s] 90%|█████████ | 3176/3514 [01:31<00:10, 32.13it/s] 91%|█████████ | 3184/3514 [01:31<00:09, 33.23it/s] 91%|█████████ | 3192/3514 [01:32<00:09, 34.13it/s] 91%|█████████ | 3200/3514 [01:32<00:09, 34.66it/s] 91%|█████████▏| 3208/3514 [01:32<00:09, 33.87it/s] 92%|█████████▏| 3216/3514 [01:32<00:08, 34.14it/s] 92%|█████████▏| 3224/3514 [01:33<00:08, 33.78it/s] 92%|█████████▏| 3232/3514 [01:33<00:08, 33.50it/s] 92%|█████████▏| 3240/3514 [01:33<00:08, 33.37it/s] 92%|█████████▏| 3248/3514 [01:33<00:07, 34.00it/s] 93%|█████████▎| 3256/3514 [01:34<00:07, 34.52it/s] 93%|█████████▎| 3264/3514 [01:34<00:07, 33.80it/s] 93%|█████████▎| 3272/3514 [01:34<00:07, 33.19it/s] 93%|█████████▎| 3280/3514 [01:34<00:06, 33.62it/s] 94%|█████████▎| 3288/3514 [01:35<00:06, 34.03it/s] 94%|█████████▍| 3296/3514 [01:35<00:06, 33.83it/s] 94%|█████████▍| 3304/3514 [01:35<00:06, 33.63it/s] 94%|█████████▍| 3312/3514 [01:35<00:06, 32.75it/s] 94%|█████████▍| 3320/3514 [01:35<00:05, 33.35it/s] 95%|█████████▍| 3328/3514 [01:36<00:05, 34.08it/s] 95%|█████████▍| 3336/3514 [01:36<00:05, 34.30it/s] 95%|█████████▌| 3344/3514 [01:36<00:05, 33.75it/s] 95%|█████████▌| 3352/3514 [01:36<00:04, 32.66it/s] 96%|█████████▌| 3360/3514 [01:37<00:04, 32.53it/s] 96%|█████████▌| 3368/3514 [01:37<00:04, 32.14it/s] 96%|█████████▌| 3376/3514 [01:37<00:04, 31.76it/s] 96%|█████████▋| 3384/3514 [01:37<00:04, 32.09it/s] 97%|█████████▋| 3392/3514 [01:38<00:03, 33.00it/s] 97%|█████████▋| 3400/3514 [01:38<00:03, 33.47it/s] 97%|█████████▋| 3408/3514 [01:38<00:03, 33.68it/s] 97%|█████████▋| 3416/3514 [01:38<00:02, 33.31it/s] 97%|█████████▋| 3424/3514 [01:39<00:02, 32.57it/s] 98%|█████████▊| 3432/3514 [01:39<00:02, 33.30it/s] 98%|█████████▊| 3440/3514 [01:39<00:02, 33.47it/s] 98%|█████████▊| 3448/3514 [01:39<00:01, 33.64it/s] 98%|█████████▊| 3456/3514 [01:40<00:01, 33.40it/s] 99%|█████████▊| 3464/3514 [01:40<00:01, 32.62it/s] 99%|█████████▉| 3472/3514 [01:40<00:01, 33.16it/s] 99%|█████████▉| 3480/3514 [01:40<00:01, 33.69it/s] 99%|█████████▉| 3488/3514 [01:41<00:00, 34.10it/s] 99%|█████████▉| 3496/3514 [01:41<00:00, 34.30it/s]100%|█████████▉| 3504/3514 [01:41<00:00, 33.33it/s]100%|█████████▉| 3512/3514 [01:41<00:00, 33.42it/s]100%|██████████| 3514/3514 [01:41<00:00, 34.53it/s]
  0%|          | 0/3514 [00:00<?, ?it/s]  0%|          | 16/3514 [00:00<00:41, 84.73it/s]  1%|          | 25/3514 [00:00<01:38, 35.57it/s]  1%|          | 32/3514 [00:00<01:59, 29.16it/s]  1%|          | 40/3514 [00:01<02:02, 28.25it/s]  1%|▏         | 48/3514 [00:01<02:14, 25.72it/s]  2%|▏         | 56/3514 [00:01<02:16, 25.25it/s]  2%|▏         | 64/3514 [00:02<02:09, 26.71it/s]  2%|▏         | 72/3514 [00:02<02:17, 25.11it/s]  2%|▏         | 80/3514 [00:02<02:21, 24.23it/s]  3%|▎         | 88/3514 [00:03<02:22, 24.12it/s]  3%|▎         | 96/3514 [00:03<02:12, 25.75it/s]  3%|▎         | 104/3514 [00:03<02:19, 24.44it/s]  3%|▎         | 112/3514 [00:04<02:15, 25.02it/s]  3%|▎         | 120/3514 [00:04<02:22, 23.86it/s]  4%|▎         | 128/3514 [00:04<02:11, 25.73it/s]  4%|▍         | 136/3514 [00:04<01:53, 29.83it/s]  4%|▍         | 144/3514 [00:05<01:56, 28.82it/s]  4%|▍         | 152/3514 [00:05<02:08, 26.07it/s]  5%|▍         | 160/3514 [00:05<02:01, 27.56it/s]  5%|▍         | 168/3514 [00:06<01:58, 28.12it/s]  5%|▌         | 176/3514 [00:06<02:11, 25.43it/s]  5%|▌         | 184/3514 [00:06<02:17, 24.27it/s]  5%|▌         | 192/3514 [00:07<01:58, 28.08it/s]  6%|▌         | 200/3514 [00:07<01:56, 28.43it/s]  6%|▌         | 208/3514 [00:07<02:01, 27.24it/s]  6%|▌         | 216/3514 [00:07<01:53, 29.17it/s]  6%|▋         | 224/3514 [00:08<01:55, 28.51it/s]  7%|▋         | 232/3514 [00:08<01:47, 30.50it/s]  7%|▋         | 240/3514 [00:08<01:43, 31.67it/s]  7%|▋         | 248/3514 [00:08<01:42, 31.88it/s]  7%|▋         | 256/3514 [00:09<01:41, 32.13it/s]  8%|▊         | 264/3514 [00:09<01:38, 32.95it/s]  8%|▊         | 272/3514 [00:09<01:44, 30.96it/s]  8%|▊         | 280/3514 [00:09<01:39, 32.57it/s]  8%|▊         | 288/3514 [00:10<01:48, 29.85it/s]  8%|▊         | 296/3514 [00:10<01:39, 32.40it/s]  9%|▊         | 304/3514 [00:10<01:37, 32.98it/s]  9%|▉         | 312/3514 [00:10<01:46, 29.99it/s]  9%|▉         | 320/3514 [00:11<01:41, 31.47it/s]  9%|▉         | 328/3514 [00:11<02:03, 25.70it/s] 10%|▉         | 336/3514 [00:11<02:02, 25.92it/s] 10%|▉         | 344/3514 [00:12<02:07, 24.84it/s] 10%|█         | 352/3514 [00:12<01:59, 26.51it/s] 10%|█         | 360/3514 [00:12<02:03, 25.64it/s] 10%|█         | 368/3514 [00:13<01:54, 27.36it/s] 11%|█         | 376/3514 [00:13<01:45, 29.72it/s] 11%|█         | 384/3514 [00:13<01:51, 27.99it/s] 11%|█         | 392/3514 [00:14<02:19, 22.32it/s] 11%|█▏        | 400/3514 [00:14<02:28, 20.95it/s] 12%|█▏        | 408/3514 [00:14<02:14, 23.02it/s] 12%|█▏        | 416/3514 [00:15<02:13, 23.21it/s] 12%|█▏        | 424/3514 [00:15<02:02, 25.32it/s] 12%|█▏        | 432/3514 [00:15<02:02, 25.06it/s] 13%|█▎        | 440/3514 [00:16<01:58, 26.05it/s] 13%|█▎        | 448/3514 [00:16<01:56, 26.37it/s] 13%|█▎        | 456/3514 [00:16<01:48, 28.06it/s] 13%|█▎        | 464/3514 [00:16<01:36, 31.47it/s] 13%|█▎        | 472/3514 [00:17<01:45, 28.92it/s] 14%|█▎        | 480/3514 [00:17<01:46, 28.49it/s] 14%|█▍        | 488/3514 [00:17<01:41, 29.79it/s] 14%|█▍        | 496/3514 [00:18<01:47, 28.14it/s] 14%|█▍        | 504/3514 [00:18<01:44, 28.85it/s] 15%|█▍        | 512/3514 [00:18<01:37, 30.82it/s] 15%|█▍        | 520/3514 [00:18<01:42, 29.22it/s] 15%|█▌        | 528/3514 [00:19<01:41, 29.31it/s] 15%|█▌        | 536/3514 [00:19<01:33, 31.69it/s] 15%|█▌        | 544/3514 [00:19<01:44, 28.55it/s] 16%|█▌        | 552/3514 [00:19<01:28, 33.36it/s] 16%|█▌        | 560/3514 [00:20<01:38, 30.09it/s] 16%|█▌        | 568/3514 [00:20<01:40, 29.37it/s] 16%|█▋        | 576/3514 [00:20<01:50, 26.54it/s] 17%|█▋        | 584/3514 [00:20<01:38, 29.89it/s] 17%|█▋        | 592/3514 [00:21<01:44, 27.90it/s] 17%|█▋        | 600/3514 [00:21<01:47, 27.18it/s] 17%|█▋        | 608/3514 [00:21<01:49, 26.60it/s] 18%|█▊        | 616/3514 [00:22<01:35, 30.31it/s] 18%|█▊        | 624/3514 [00:22<01:27, 33.14it/s] 18%|█▊        | 632/3514 [00:22<01:27, 32.81it/s] 18%|█▊        | 640/3514 [00:22<01:22, 34.79it/s] 18%|█▊        | 648/3514 [00:22<01:21, 35.30it/s] 19%|█▊        | 656/3514 [00:23<01:18, 36.50it/s] 19%|█▉        | 664/3514 [00:23<01:30, 31.41it/s] 19%|█▉        | 672/3514 [00:23<01:43, 27.53it/s] 19%|█▉        | 680/3514 [00:24<01:34, 29.88it/s] 20%|█▉        | 688/3514 [00:24<01:45, 26.70it/s] 20%|█▉        | 696/3514 [00:24<02:06, 22.35it/s] 20%|██        | 704/3514 [00:25<02:14, 20.85it/s] 20%|██        | 712/3514 [00:25<02:13, 21.00it/s] 20%|██        | 720/3514 [00:26<02:00, 23.20it/s] 21%|██        | 728/3514 [00:26<01:46, 26.15it/s] 21%|██        | 736/3514 [00:26<01:43, 26.96it/s] 21%|██        | 744/3514 [00:26<01:41, 27.20it/s] 21%|██▏       | 752/3514 [00:27<01:41, 27.13it/s] 22%|██▏       | 760/3514 [00:27<01:47, 25.55it/s] 22%|██▏       | 768/3514 [00:27<01:37, 28.11it/s] 22%|██▏       | 776/3514 [00:28<01:49, 24.90it/s] 22%|██▏       | 784/3514 [00:28<01:52, 24.33it/s] 23%|██▎       | 792/3514 [00:28<01:49, 24.83it/s] 23%|██▎       | 800/3514 [00:28<01:33, 29.07it/s] 23%|██▎       | 808/3514 [00:29<01:44, 25.88it/s] 23%|██▎       | 816/3514 [00:29<01:49, 24.65it/s] 23%|██▎       | 824/3514 [00:30<01:57, 22.90it/s] 24%|██▎       | 832/3514 [00:30<01:39, 26.84it/s] 24%|██▍       | 840/3514 [00:30<01:33, 28.67it/s] 24%|██▍       | 848/3514 [00:30<01:27, 30.30it/s] 24%|██▍       | 856/3514 [00:31<01:35, 27.82it/s] 25%|██▍       | 864/3514 [00:31<01:25, 30.96it/s] 25%|██▍       | 872/3514 [00:31<01:30, 29.35it/s] 25%|██▌       | 880/3514 [00:31<01:28, 29.90it/s] 25%|██▌       | 888/3514 [00:32<01:24, 31.15it/s] 25%|██▌       | 896/3514 [00:32<01:28, 29.42it/s] 26%|██▌       | 904/3514 [00:32<01:24, 30.77it/s] 26%|██▌       | 912/3514 [00:32<01:27, 29.66it/s] 26%|██▌       | 920/3514 [00:33<01:26, 29.82it/s] 26%|██▋       | 928/3514 [00:33<01:24, 30.53it/s] 27%|██▋       | 936/3514 [00:33<01:25, 30.07it/s] 27%|██▋       | 944/3514 [00:33<01:18, 32.90it/s] 27%|██▋       | 952/3514 [00:33<01:11, 35.82it/s] 27%|██▋       | 960/3514 [00:34<01:15, 33.78it/s] 28%|██▊       | 968/3514 [00:34<01:12, 34.88it/s] 28%|██▊       | 976/3514 [00:34<01:25, 29.82it/s] 28%|██▊       | 984/3514 [00:35<01:23, 30.25it/s] 28%|██▊       | 992/3514 [00:35<01:26, 29.07it/s] 28%|██▊       | 1000/3514 [00:35<01:22, 30.31it/s] 29%|██▊       | 1008/3514 [00:35<01:19, 31.43it/s] 29%|██▉       | 1016/3514 [00:36<01:25, 29.20it/s] 29%|██▉       | 1024/3514 [00:36<01:21, 30.44it/s] 29%|██▉       | 1032/3514 [00:36<01:27, 28.25it/s] 30%|██▉       | 1040/3514 [00:37<01:29, 27.70it/s] 30%|██▉       | 1048/3514 [00:37<01:27, 28.10it/s] 30%|███       | 1056/3514 [00:37<01:19, 30.87it/s] 30%|███       | 1064/3514 [00:37<01:24, 28.91it/s] 31%|███       | 1072/3514 [00:38<01:27, 27.96it/s] 31%|███       | 1080/3514 [00:38<01:21, 29.79it/s] 31%|███       | 1088/3514 [00:38<01:20, 30.24it/s] 31%|███       | 1096/3514 [00:39<01:30, 26.78it/s] 31%|███▏      | 1104/3514 [00:39<01:30, 26.67it/s] 32%|███▏      | 1112/3514 [00:39<01:33, 25.79it/s] 32%|███▏      | 1120/3514 [00:39<01:26, 27.67it/s] 32%|███▏      | 1128/3514 [00:40<01:20, 29.74it/s] 32%|███▏      | 1136/3514 [00:40<01:26, 27.46it/s] 33%|███▎      | 1144/3514 [00:40<01:30, 26.31it/s] 33%|███▎      | 1152/3514 [00:40<01:18, 29.95it/s] 33%|███▎      | 1160/3514 [00:41<01:24, 27.78it/s] 33%|███▎      | 1168/3514 [00:41<01:16, 30.70it/s] 33%|███▎      | 1176/3514 [00:41<01:14, 31.56it/s] 34%|███▎      | 1184/3514 [00:42<01:17, 30.14it/s] 34%|███▍      | 1192/3514 [00:42<01:20, 28.87it/s] 34%|███▍      | 1200/3514 [00:42<01:25, 26.96it/s] 34%|███▍      | 1208/3514 [00:42<01:19, 28.88it/s] 35%|███▍      | 1216/3514 [00:43<01:17, 29.73it/s] 35%|███▍      | 1224/3514 [00:43<01:14, 30.74it/s] 35%|███▌      | 1232/3514 [00:43<01:13, 30.87it/s] 35%|███▌      | 1240/3514 [00:43<01:06, 33.96it/s] 36%|███▌      | 1248/3514 [00:44<01:10, 32.36it/s] 36%|███▌      | 1256/3514 [00:44<01:12, 31.34it/s] 36%|███▌      | 1264/3514 [00:44<01:17, 28.95it/s] 36%|███▌      | 1272/3514 [00:45<01:25, 26.36it/s] 36%|███▋      | 1280/3514 [00:45<01:13, 30.49it/s] 37%|███▋      | 1288/3514 [00:45<01:16, 29.04it/s] 37%|███▋      | 1296/3514 [00:45<01:09, 31.74it/s] 37%|███▋      | 1304/3514 [00:45<01:09, 31.99it/s] 37%|███▋      | 1312/3514 [00:46<01:15, 29.27it/s] 38%|███▊      | 1320/3514 [00:46<01:08, 31.98it/s] 38%|███▊      | 1328/3514 [00:46<01:08, 32.06it/s] 38%|███▊      | 1336/3514 [00:46<01:05, 33.29it/s] 38%|███▊      | 1344/3514 [00:47<01:09, 31.11it/s] 38%|███▊      | 1352/3514 [00:47<01:10, 30.73it/s] 39%|███▊      | 1360/3514 [00:47<01:17, 27.88it/s] 39%|███▉      | 1368/3514 [00:48<01:18, 27.49it/s] 39%|███▉      | 1376/3514 [00:48<01:16, 28.07it/s] 39%|███▉      | 1384/3514 [00:48<01:07, 31.66it/s] 40%|███▉      | 1392/3514 [00:48<01:11, 29.57it/s] 40%|███▉      | 1400/3514 [00:49<01:09, 30.58it/s] 40%|████      | 1408/3514 [00:49<01:12, 29.13it/s] 40%|████      | 1416/3514 [00:49<01:16, 27.47it/s] 41%|████      | 1424/3514 [00:50<01:10, 29.59it/s] 41%|████      | 1432/3514 [00:50<01:08, 30.31it/s] 41%|████      | 1440/3514 [00:50<01:14, 27.67it/s] 41%|████      | 1448/3514 [00:50<01:09, 29.62it/s] 41%|████▏     | 1456/3514 [00:51<01:04, 31.80it/s] 42%|████▏     | 1464/3514 [00:51<01:02, 32.95it/s] 42%|████▏     | 1472/3514 [00:51<00:58, 34.69it/s] 42%|████▏     | 1480/3514 [00:51<01:02, 32.41it/s] 42%|████▏     | 1488/3514 [00:52<01:06, 30.41it/s] 43%|████▎     | 1496/3514 [00:52<01:08, 29.40it/s] 43%|████▎     | 1504/3514 [00:52<01:26, 23.34it/s] 43%|████▎     | 1512/3514 [00:53<01:29, 22.48it/s] 43%|████▎     | 1520/3514 [00:53<01:23, 23.86it/s] 43%|████▎     | 1528/3514 [00:53<01:19, 24.84it/s] 44%|████▎     | 1536/3514 [00:54<01:17, 25.69it/s] 44%|████▍     | 1544/3514 [00:54<01:09, 28.48it/s] 44%|████▍     | 1552/3514 [00:54<01:10, 27.94it/s] 44%|████▍     | 1560/3514 [00:55<01:20, 24.29it/s] 45%|████▍     | 1568/3514 [00:55<01:31, 21.24it/s] 45%|████▍     | 1576/3514 [00:55<01:30, 21.35it/s] 45%|████▌     | 1584/3514 [00:56<01:27, 21.94it/s] 45%|████▌     | 1592/3514 [00:56<01:21, 23.69it/s] 46%|████▌     | 1600/3514 [00:56<01:09, 27.41it/s] 46%|████▌     | 1608/3514 [00:57<01:10, 27.16it/s] 46%|████▌     | 1616/3514 [00:57<01:14, 25.50it/s] 46%|████▌     | 1624/3514 [00:57<01:08, 27.49it/s] 46%|████▋     | 1632/3514 [00:57<01:04, 29.03it/s] 47%|████▋     | 1640/3514 [00:58<01:09, 26.92it/s] 47%|████▋     | 1648/3514 [00:58<01:07, 27.55it/s] 47%|████▋     | 1656/3514 [00:58<01:10, 26.36it/s] 47%|████▋     | 1664/3514 [00:59<01:08, 27.00it/s] 48%|████▊     | 1672/3514 [00:59<01:03, 28.80it/s] 48%|████▊     | 1680/3514 [00:59<01:02, 29.22it/s] 48%|████▊     | 1688/3514 [00:59<00:56, 32.13it/s] 48%|████▊     | 1696/3514 [01:00<01:00, 30.24it/s] 48%|████▊     | 1704/3514 [01:00<01:01, 29.65it/s] 49%|████▊     | 1712/3514 [01:00<01:00, 29.60it/s] 49%|████▉     | 1720/3514 [01:00<00:57, 31.36it/s] 49%|████▉     | 1728/3514 [01:01<01:06, 26.85it/s] 49%|████▉     | 1736/3514 [01:01<01:13, 24.12it/s] 50%|████▉     | 1744/3514 [01:02<01:14, 23.85it/s] 50%|████▉     | 1752/3514 [01:02<01:19, 22.12it/s] 50%|█████     | 1760/3514 [01:02<01:16, 23.07it/s] 50%|█████     | 1768/3514 [01:03<01:11, 24.50it/s] 51%|█████     | 1776/3514 [01:03<01:06, 26.08it/s] 51%|█████     | 1784/3514 [01:03<01:06, 26.16it/s] 51%|█████     | 1792/3514 [01:03<01:00, 28.42it/s] 51%|█████     | 1800/3514 [01:04<00:58, 29.06it/s] 51%|█████▏    | 1808/3514 [01:04<01:02, 27.31it/s] 52%|█████▏    | 1816/3514 [01:04<00:56, 30.28it/s] 52%|█████▏    | 1824/3514 [01:05<01:08, 24.82it/s] 52%|█████▏    | 1832/3514 [01:05<01:10, 23.88it/s] 52%|█████▏    | 1840/3514 [01:05<01:03, 26.21it/s] 53%|█████▎    | 1848/3514 [01:06<01:07, 24.66it/s] 53%|█████▎    | 1856/3514 [01:06<01:10, 23.43it/s] 53%|█████▎    | 1864/3514 [01:06<01:09, 23.74it/s] 53%|█████▎    | 1872/3514 [01:06<01:02, 26.41it/s] 54%|█████▎    | 1880/3514 [01:07<01:03, 25.73it/s] 54%|█████▎    | 1888/3514 [01:07<01:03, 25.79it/s] 54%|█████▍    | 1896/3514 [01:07<01:05, 24.83it/s] 54%|█████▍    | 1904/3514 [01:08<01:12, 22.17it/s] 54%|█████▍    | 1912/3514 [01:08<01:09, 23.14it/s] 55%|█████▍    | 1920/3514 [01:09<01:13, 21.54it/s] 55%|█████▍    | 1928/3514 [01:09<01:06, 23.71it/s] 55%|█████▌    | 1936/3514 [01:09<01:01, 25.83it/s] 55%|█████▌    | 1944/3514 [01:10<01:02, 24.98it/s] 56%|█████▌    | 1952/3514 [01:10<01:00, 25.80it/s] 56%|█████▌    | 1960/3514 [01:10<00:57, 26.93it/s] 56%|█████▌    | 1968/3514 [01:10<00:58, 26.58it/s] 56%|█████▌    | 1976/3514 [01:11<01:03, 24.07it/s] 56%|█████▋    | 1984/3514 [01:11<01:01, 25.03it/s] 57%|█████▋    | 1992/3514 [01:11<01:03, 23.79it/s] 57%|█████▋    | 2000/3514 [01:12<00:59, 25.48it/s] 57%|█████▋    | 2008/3514 [01:12<00:57, 26.19it/s] 57%|█████▋    | 2016/3514 [01:12<00:52, 28.80it/s] 58%|█████▊    | 2024/3514 [01:12<00:48, 30.60it/s] 58%|█████▊    | 2032/3514 [01:13<00:54, 27.09it/s] 58%|█████▊    | 2040/3514 [01:13<00:51, 28.53it/s] 58%|█████▊    | 2048/3514 [01:13<00:51, 28.33it/s] 59%|█████▊    | 2056/3514 [01:13<00:44, 32.64it/s] 59%|█████▊    | 2064/3514 [01:14<00:40, 35.75it/s] 59%|█████▉    | 2072/3514 [01:14<00:56, 25.72it/s] 59%|█████▉    | 2080/3514 [01:14<00:55, 25.91it/s] 59%|█████▉    | 2088/3514 [01:15<00:49, 28.96it/s] 60%|█████▉    | 2096/3514 [01:15<00:57, 24.84it/s] 60%|█████▉    | 2104/3514 [01:15<00:55, 25.35it/s] 60%|██████    | 2112/3514 [01:16<00:52, 26.77it/s] 60%|██████    | 2120/3514 [01:16<00:48, 28.64it/s] 61%|██████    | 2128/3514 [01:16<00:45, 30.20it/s] 61%|██████    | 2136/3514 [01:16<00:48, 28.40it/s] 61%|██████    | 2144/3514 [01:17<00:49, 27.83it/s] 61%|██████    | 2152/3514 [01:17<00:48, 28.03it/s] 61%|██████▏   | 2160/3514 [01:17<00:46, 29.06it/s] 62%|██████▏   | 2168/3514 [01:18<00:44, 30.07it/s] 62%|██████▏   | 2176/3514 [01:18<00:43, 31.09it/s] 62%|██████▏   | 2184/3514 [01:18<00:42, 31.40it/s] 62%|██████▏   | 2192/3514 [01:18<00:41, 32.11it/s] 63%|██████▎   | 2200/3514 [01:19<00:41, 31.33it/s] 63%|██████▎   | 2208/3514 [01:19<00:39, 33.02it/s] 63%|██████▎   | 2216/3514 [01:19<00:44, 29.41it/s] 63%|██████▎   | 2224/3514 [01:19<00:46, 27.58it/s] 64%|██████▎   | 2232/3514 [01:20<00:55, 23.00it/s] 64%|██████▎   | 2240/3514 [01:20<00:49, 25.63it/s] 64%|██████▍   | 2248/3514 [01:21<00:52, 24.12it/s] 64%|██████▍   | 2256/3514 [01:21<00:46, 27.14it/s] 64%|██████▍   | 2264/3514 [01:21<00:48, 25.96it/s] 65%|██████▍   | 2272/3514 [01:21<00:45, 27.50it/s] 65%|██████▍   | 2280/3514 [01:22<00:44, 27.52it/s] 65%|██████▌   | 2288/3514 [01:22<00:40, 30.35it/s] 65%|██████▌   | 2296/3514 [01:22<00:45, 26.99it/s] 66%|██████▌   | 2304/3514 [01:22<00:42, 28.45it/s] 66%|██████▌   | 2312/3514 [01:23<00:42, 28.58it/s] 66%|██████▌   | 2320/3514 [01:23<00:40, 29.83it/s] 66%|██████▌   | 2328/3514 [01:23<00:40, 28.97it/s] 66%|██████▋   | 2336/3514 [01:23<00:36, 32.47it/s] 67%|██████▋   | 2344/3514 [01:24<00:36, 31.93it/s] 67%|██████▋   | 2352/3514 [01:24<00:37, 31.19it/s] 67%|██████▋   | 2360/3514 [01:24<00:35, 32.61it/s] 67%|██████▋   | 2368/3514 [01:25<00:41, 27.90it/s] 68%|██████▊   | 2376/3514 [01:25<00:39, 29.06it/s] 68%|██████▊   | 2384/3514 [01:25<00:42, 26.46it/s] 68%|██████▊   | 2392/3514 [01:25<00:42, 26.69it/s] 68%|██████▊   | 2400/3514 [01:26<00:43, 25.40it/s] 69%|██████▊   | 2408/3514 [01:26<00:42, 25.73it/s] 69%|██████▉   | 2416/3514 [01:26<00:38, 28.61it/s] 69%|██████▉   | 2424/3514 [01:27<00:41, 26.08it/s] 69%|██████▉   | 2432/3514 [01:27<00:43, 25.04it/s] 69%|██████▉   | 2440/3514 [01:27<00:42, 25.43it/s] 70%|██████▉   | 2448/3514 [01:28<00:42, 25.05it/s] 70%|██████▉   | 2456/3514 [01:28<00:43, 24.28it/s] 70%|███████   | 2464/3514 [01:28<00:36, 28.62it/s] 70%|███████   | 2472/3514 [01:29<00:38, 27.20it/s] 71%|███████   | 2480/3514 [01:29<00:36, 28.11it/s] 71%|███████   | 2488/3514 [01:29<00:36, 28.36it/s] 71%|███████   | 2496/3514 [01:29<00:37, 27.21it/s] 71%|███████▏  | 2504/3514 [01:30<00:40, 25.09it/s] 71%|███████▏  | 2512/3514 [01:30<00:45, 22.14it/s] 72%|███████▏  | 2520/3514 [01:31<00:43, 22.70it/s] 72%|███████▏  | 2528/3514 [01:31<00:42, 22.99it/s] 72%|███████▏  | 2536/3514 [01:31<00:38, 25.62it/s] 72%|███████▏  | 2544/3514 [01:31<00:38, 25.31it/s] 73%|███████▎  | 2552/3514 [01:32<00:35, 27.43it/s] 73%|███████▎  | 2560/3514 [01:32<00:34, 27.62it/s] 73%|███████▎  | 2568/3514 [01:32<00:31, 30.30it/s] 73%|███████▎  | 2576/3514 [01:32<00:30, 30.57it/s] 74%|███████▎  | 2584/3514 [01:33<00:32, 28.30it/s] 74%|███████▍  | 2592/3514 [01:33<00:32, 28.34it/s] 74%|███████▍  | 2600/3514 [01:33<00:28, 32.31it/s] 74%|███████▍  | 2608/3514 [01:33<00:27, 33.10it/s] 74%|███████▍  | 2616/3514 [01:34<00:26, 34.48it/s] 75%|███████▍  | 2624/3514 [01:34<00:25, 34.31it/s] 75%|███████▍  | 2632/3514 [01:34<00:22, 38.44it/s] 75%|███████▌  | 2640/3514 [01:34<00:20, 42.86it/s] 75%|███████▌  | 2648/3514 [01:34<00:21, 39.96it/s] 76%|███████▌  | 2656/3514 [01:35<00:21, 40.25it/s] 76%|███████▌  | 2664/3514 [01:35<00:23, 36.56it/s] 76%|███████▌  | 2672/3514 [01:35<00:26, 31.19it/s] 76%|███████▋  | 2680/3514 [01:35<00:26, 31.71it/s] 76%|███████▋  | 2688/3514 [01:36<00:25, 32.95it/s] 77%|███████▋  | 2696/3514 [01:36<00:23, 35.41it/s] 77%|███████▋  | 2704/3514 [01:36<00:20, 40.31it/s] 77%|███████▋  | 2712/3514 [01:36<00:20, 38.88it/s] 77%|███████▋  | 2720/3514 [01:36<00:20, 39.25it/s] 78%|███████▊  | 2728/3514 [01:37<00:20, 38.22it/s] 78%|███████▊  | 2736/3514 [01:37<00:19, 39.13it/s] 78%|███████▊  | 2744/3514 [01:37<00:18, 40.64it/s] 78%|███████▊  | 2752/3514 [01:37<00:18, 41.22it/s] 79%|███████▊  | 2760/3514 [01:37<00:19, 39.08it/s] 79%|███████▉  | 2768/3514 [01:38<00:20, 36.81it/s] 79%|███████▉  | 2776/3514 [01:38<00:20, 35.88it/s] 79%|███████▉  | 2784/3514 [01:38<00:21, 34.08it/s] 79%|███████▉  | 2792/3514 [01:39<00:24, 29.16it/s] 80%|███████▉  | 2800/3514 [01:39<00:25, 28.48it/s] 80%|███████▉  | 2808/3514 [01:39<00:25, 27.78it/s] 80%|████████  | 2816/3514 [01:39<00:26, 26.53it/s] 80%|████████  | 2824/3514 [01:40<00:25, 27.48it/s] 81%|████████  | 2832/3514 [01:40<00:26, 26.16it/s] 81%|████████  | 2840/3514 [01:40<00:26, 25.61it/s] 81%|████████  | 2848/3514 [01:41<00:26, 24.90it/s] 81%|████████▏ | 2856/3514 [01:41<00:26, 25.29it/s] 82%|████████▏ | 2864/3514 [01:41<00:22, 28.70it/s] 82%|████████▏ | 2872/3514 [01:41<00:20, 31.19it/s] 82%|████████▏ | 2880/3514 [01:42<00:20, 31.35it/s] 82%|████████▏ | 2888/3514 [01:42<00:21, 29.65it/s] 82%|████████▏ | 2896/3514 [01:42<00:21, 29.07it/s] 83%|████████▎ | 2904/3514 [01:43<00:22, 27.59it/s] 83%|████████▎ | 2912/3514 [01:43<00:19, 30.84it/s] 83%|████████▎ | 2920/3514 [01:43<00:19, 31.17it/s] 83%|████████▎ | 2928/3514 [01:43<00:18, 31.78it/s] 84%|████████▎ | 2936/3514 [01:44<00:21, 26.61it/s] 84%|████████▍ | 2944/3514 [01:44<00:20, 27.93it/s] 84%|████████▍ | 2952/3514 [01:44<00:20, 27.64it/s] 84%|████████▍ | 2960/3514 [01:45<00:20, 27.13it/s] 84%|████████▍ | 2968/3514 [01:45<00:19, 28.30it/s] 85%|████████▍ | 2976/3514 [01:45<00:17, 30.70it/s] 85%|████████▍ | 2984/3514 [01:45<00:16, 32.58it/s] 85%|████████▌ | 2992/3514 [01:45<00:16, 31.27it/s] 85%|████████▌ | 3000/3514 [01:46<00:18, 28.24it/s] 86%|████████▌ | 3008/3514 [01:46<00:17, 28.96it/s] 86%|████████▌ | 3016/3514 [01:46<00:16, 29.61it/s] 86%|████████▌ | 3024/3514 [01:47<00:15, 31.63it/s] 86%|████████▋ | 3032/3514 [01:47<00:15, 31.85it/s] 87%|████████▋ | 3040/3514 [01:47<00:14, 33.06it/s] 87%|████████▋ | 3048/3514 [01:47<00:14, 32.79it/s] 87%|████████▋ | 3056/3514 [01:48<00:14, 31.52it/s] 87%|████████▋ | 3064/3514 [01:48<00:14, 30.81it/s] 87%|████████▋ | 3072/3514 [01:48<00:13, 32.67it/s] 88%|████████▊ | 3080/3514 [01:48<00:14, 29.60it/s] 88%|████████▊ | 3088/3514 [01:49<00:14, 30.27it/s] 88%|████████▊ | 3096/3514 [01:49<00:14, 28.74it/s] 88%|████████▊ | 3104/3514 [01:49<00:15, 25.75it/s] 89%|████████▊ | 3112/3514 [01:50<00:14, 27.30it/s] 89%|████████▉ | 3120/3514 [01:50<00:13, 29.49it/s] 89%|████████▉ | 3128/3514 [01:50<00:11, 32.23it/s] 89%|████████▉ | 3136/3514 [01:50<00:13, 28.04it/s] 89%|████████▉ | 3144/3514 [01:51<00:13, 27.95it/s] 90%|████████▉ | 3152/3514 [01:51<00:13, 26.77it/s] 90%|████████▉ | 3160/3514 [01:51<00:12, 29.15it/s] 90%|█████████ | 3168/3514 [01:51<00:10, 31.83it/s] 90%|█████████ | 3176/3514 [01:52<00:10, 33.22it/s] 91%|█████████ | 3184/3514 [01:52<00:12, 27.19it/s] 91%|█████████ | 3192/3514 [01:52<00:11, 27.58it/s] 91%|█████████ | 3200/3514 [01:53<00:12, 25.65it/s] 91%|█████████▏| 3208/3514 [01:53<00:10, 28.29it/s] 92%|█████████▏| 3216/3514 [01:53<00:10, 28.40it/s] 92%|█████████▏| 3224/3514 [01:53<00:09, 29.45it/s] 92%|█████████▏| 3232/3514 [01:54<00:09, 29.83it/s] 92%|█████████▏| 3240/3514 [01:54<00:09, 30.34it/s] 92%|█████████▏| 3248/3514 [01:54<00:09, 28.03it/s] 93%|█████████▎| 3256/3514 [01:55<00:09, 27.17it/s] 93%|█████████▎| 3264/3514 [01:55<00:08, 30.56it/s] 93%|█████████▎| 3272/3514 [01:55<00:07, 33.00it/s] 93%|█████████▎| 3280/3514 [01:55<00:08, 27.87it/s] 94%|█████████▎| 3288/3514 [01:56<00:08, 27.65it/s] 94%|█████████▍| 3296/3514 [01:56<00:07, 28.33it/s] 94%|█████████▍| 3304/3514 [01:56<00:06, 30.26it/s] 94%|█████████▍| 3312/3514 [01:56<00:07, 28.16it/s] 94%|█████████▍| 3320/3514 [01:57<00:06, 30.34it/s] 95%|█████████▍| 3328/3514 [01:57<00:06, 28.29it/s] 95%|█████████▍| 3336/3514 [01:57<00:07, 25.33it/s] 95%|█████████▌| 3344/3514 [01:58<00:06, 27.93it/s] 95%|█████████▌| 3352/3514 [01:58<00:05, 30.43it/s] 96%|█████████▌| 3360/3514 [01:58<00:04, 31.19it/s] 96%|█████████▌| 3368/3514 [01:58<00:04, 30.39it/s] 96%|█████████▌| 3376/3514 [01:59<00:04, 28.21it/s] 96%|█████████▋| 3384/3514 [01:59<00:04, 29.86it/s] 97%|█████████▋| 3392/3514 [01:59<00:04, 24.83it/s] 97%|█████████▋| 3400/3514 [01:59<00:03, 29.93it/s] 97%|█████████▋| 3408/3514 [02:00<00:04, 26.41it/s] 97%|█████████▋| 3416/3514 [02:00<00:03, 27.08it/s] 97%|█████████▋| 3424/3514 [02:00<00:03, 26.76it/s] 98%|█████████▊| 3432/3514 [02:01<00:03, 27.23it/s] 98%|█████████▊| 3440/3514 [02:01<00:02, 25.46it/s] 98%|█████████▊| 3448/3514 [02:01<00:02, 26.49it/s] 98%|█████████▊| 3456/3514 [02:02<00:02, 27.55it/s] 99%|█████████▊| 3464/3514 [02:02<00:01, 28.40it/s] 99%|█████████▉| 3472/3514 [02:02<00:01, 31.22it/s] 99%|█████████▉| 3480/3514 [02:02<00:01, 32.92it/s] 99%|█████████▉| 3488/3514 [02:02<00:00, 36.62it/s] 99%|█████████▉| 3496/3514 [02:03<00:00, 31.48it/s]100%|█████████▉| 3504/3514 [02:03<00:00, 30.31it/s]100%|█████████▉| 3512/3514 [02:04<00:00, 25.84it/s]100%|██████████| 3514/3514 [02:04<00:00, 28.33it/s]
[Thu Jun  9 11:49:58 2022]
Finished job 3.
1 of 11 steps (9%) done
Select jobs to execute...

[Thu Jun  9 11:49:58 2022]
rule panaroo:
    input: results/test/subsets/test1_gff_locations.txt
    output: results/test/panaroo/test1
    log: logs/test/panaroo/test1.log
    jobid: 2
    wildcards: prefix=test, subset_prefix=test1
    threads: 8

cat results/test/subsets/test1_gff_locations.txt | xargs panaroo -o results/test/panaroo/test1 --clean-mode strict -a core --aligner mafft --core_threshold 0.98 -t 8 -i
Activating conda environment: /data/malcummi/pipelord2_new/pipelord2_0/.snakemake/conda/6daaf4db
  0%|          | 0/1 [00:00<?, ?it/s]  0%|          | 0/1 [00:03<?, ?it/s]
joblib.externals.loky.process_executor._RemoteTraceback: 
"""
Traceback (most recent call last):
  File "/data/malcummi/pipelord2_new/pipelord2_0/.snakemake/conda/6daaf4db/lib/python3.7/site-packages/joblib/externals/loky/process_executor.py", line 436, in _process_worker
    r = call_item()
  File "/data/malcummi/pipelord2_new/pipelord2_0/.snakemake/conda/6daaf4db/lib/python3.7/site-packages/joblib/externals/loky/process_executor.py", line 288, in __call__
    return self.fn(*self.args, **self.kwargs)
  File "/data/malcummi/pipelord2_new/pipelord2_0/.snakemake/conda/6daaf4db/lib/python3.7/site-packages/joblib/_parallel_backends.py", line 595, in __call__
    return self.func(*args, **kwargs)
  File "/data/malcummi/pipelord2_new/pipelord2_0/.snakemake/conda/6daaf4db/lib/python3.7/site-packages/joblib/parallel.py", line 263, in __call__
    for func, args, kwargs in self.items]
  File "/data/malcummi/pipelord2_new/pipelord2_0/.snakemake/conda/6daaf4db/lib/python3.7/site-packages/joblib/parallel.py", line 263, in <listcomp>
    for func, args, kwargs in self.items]
  File "/data/malcummi/pipelord2_new/pipelord2_0/.snakemake/conda/6daaf4db/lib/python3.7/site-packages/panaroo/prokka.py", line 175, in get_gene_sequences
    return sequence_dictionary, translate_sequences(sequence_dictionary, table)
  File "/data/malcummi/pipelord2_new/pipelord2_0/.snakemake/conda/6daaf4db/lib/python3.7/site-packages/panaroo/prokka.py", line 192, in translate_sequences
    raise ValueError("Premature stop codon in a gene!")
ValueError: Premature stop codon in a gene!
"""

The above exception was the direct cause of the following exception:

Traceback (most recent call last):
  File "/data/malcummi/pipelord2_new/pipelord2_0/.snakemake/conda/6daaf4db/lib/python3.7/site-packages/panaroo/prokka.py", line 247, in process_prokka_input
    for gff_no, gff in job)
  File "/data/malcummi/pipelord2_new/pipelord2_0/.snakemake/conda/6daaf4db/lib/python3.7/site-packages/joblib/parallel.py", line 1056, in __call__
    self.retrieve()
  File "/data/malcummi/pipelord2_new/pipelord2_0/.snakemake/conda/6daaf4db/lib/python3.7/site-packages/joblib/parallel.py", line 935, in retrieve
    self._output.extend(job.get(timeout=self.timeout))
  File "/data/malcummi/pipelord2_new/pipelord2_0/.snakemake/conda/6daaf4db/lib/python3.7/site-packages/joblib/_parallel_backends.py", line 542, in wrap_future_result
    return future.result(timeout=timeout)
  File "/data/malcummi/pipelord2_new/pipelord2_0/.snakemake/conda/6daaf4db/lib/python3.7/concurrent/futures/_base.py", line 428, in result
    return self.__get_result()
  File "/data/malcummi/pipelord2_new/pipelord2_0/.snakemake/conda/6daaf4db/lib/python3.7/concurrent/futures/_base.py", line 384, in __get_result
    raise self._exception
ValueError: Premature stop codon in a gene!

During handling of the above exception, another exception occurred:

Traceback (most recent call last):
  File "/data/malcummi/pipelord2_new/pipelord2_0/.snakemake/conda/6daaf4db/bin/panaroo", line 10, in <module>
    sys.exit(main())
  File "/data/malcummi/pipelord2_new/pipelord2_0/.snakemake/conda/6daaf4db/lib/python3.7/site-packages/panaroo/__main__.py", line 288, in main
    args.n_cpu, args.table)
  File "/data/malcummi/pipelord2_new/pipelord2_0/.snakemake/conda/6daaf4db/lib/python3.7/site-packages/panaroo/prokka.py", line 257, in process_prokka_input
    raise RuntimeError("Error reading prokka input!")
RuntimeError: Error reading prokka input!
[Thu Jun  9 11:50:04 2022]
Error in rule panaroo:
    jobid: 2
    output: results/test/panaroo/test1
    log: logs/test/panaroo/test1.log (check log file(s) for error message)
    conda-env: /data/malcummi/pipelord2_new/pipelord2_0/.snakemake/conda/6daaf4db
    shell:
        cat results/test/subsets/test1_gff_locations.txt | xargs panaroo -o results/test/panaroo/test1 --clean-mode strict -a core --aligner mafft --core_threshold 0.98 -t 8 -i
        (one of the commands exited with non-zero exit code; note that snakemake uses bash strict mode!)

Removing output files of failed job panaroo since they might be corrupted:
results/test/panaroo/test1
Trying to restart job 2.
Select jobs to execute...

[Thu Jun  9 11:50:04 2022]
rule panaroo:
    input: results/test/subsets/test1_gff_locations.txt
    output: results/test/panaroo/test1
    log: logs/test/panaroo/test1.log
    jobid: 2
    wildcards: prefix=test, subset_prefix=test1
    threads: 8

cat results/test/subsets/test1_gff_locations.txt | xargs panaroo -o results/test/panaroo/test1 --clean-mode strict -a core --aligner mafft --core_threshold 0.98 -t 8 -i
Activating conda environment: /data/malcummi/pipelord2_new/pipelord2_0/.snakemake/conda/6daaf4db
  0%|          | 0/1 [00:00<?, ?it/s]  0%|          | 0/1 [00:02<?, ?it/s]
joblib.externals.loky.process_executor._RemoteTraceback: 
"""
Traceback (most recent call last):
  File "/data/malcummi/pipelord2_new/pipelord2_0/.snakemake/conda/6daaf4db/lib/python3.7/site-packages/joblib/externals/loky/process_executor.py", line 436, in _process_worker
    r = call_item()
  File "/data/malcummi/pipelord2_new/pipelord2_0/.snakemake/conda/6daaf4db/lib/python3.7/site-packages/joblib/externals/loky/process_executor.py", line 288, in __call__
    return self.fn(*self.args, **self.kwargs)
  File "/data/malcummi/pipelord2_new/pipelord2_0/.snakemake/conda/6daaf4db/lib/python3.7/site-packages/joblib/_parallel_backends.py", line 595, in __call__
    return self.func(*args, **kwargs)
  File "/data/malcummi/pipelord2_new/pipelord2_0/.snakemake/conda/6daaf4db/lib/python3.7/site-packages/joblib/parallel.py", line 263, in __call__
    for func, args, kwargs in self.items]
  File "/data/malcummi/pipelord2_new/pipelord2_0/.snakemake/conda/6daaf4db/lib/python3.7/site-packages/joblib/parallel.py", line 263, in <listcomp>
    for func, args, kwargs in self.items]
  File "/data/malcummi/pipelord2_new/pipelord2_0/.snakemake/conda/6daaf4db/lib/python3.7/site-packages/panaroo/prokka.py", line 175, in get_gene_sequences
    return sequence_dictionary, translate_sequences(sequence_dictionary, table)
  File "/data/malcummi/pipelord2_new/pipelord2_0/.snakemake/conda/6daaf4db/lib/python3.7/site-packages/panaroo/prokka.py", line 192, in translate_sequences
    raise ValueError("Premature stop codon in a gene!")
ValueError: Premature stop codon in a gene!
"""

The above exception was the direct cause of the following exception:

Traceback (most recent call last):
  File "/data/malcummi/pipelord2_new/pipelord2_0/.snakemake/conda/6daaf4db/lib/python3.7/site-packages/panaroo/prokka.py", line 247, in process_prokka_input
    for gff_no, gff in job)
  File "/data/malcummi/pipelord2_new/pipelord2_0/.snakemake/conda/6daaf4db/lib/python3.7/site-packages/joblib/parallel.py", line 1056, in __call__
    self.retrieve()
  File "/data/malcummi/pipelord2_new/pipelord2_0/.snakemake/conda/6daaf4db/lib/python3.7/site-packages/joblib/parallel.py", line 935, in retrieve
    self._output.extend(job.get(timeout=self.timeout))
  File "/data/malcummi/pipelord2_new/pipelord2_0/.snakemake/conda/6daaf4db/lib/python3.7/site-packages/joblib/_parallel_backends.py", line 542, in wrap_future_result
    return future.result(timeout=timeout)
  File "/data/malcummi/pipelord2_new/pipelord2_0/.snakemake/conda/6daaf4db/lib/python3.7/concurrent/futures/_base.py", line 428, in result
    return self.__get_result()
  File "/data/malcummi/pipelord2_new/pipelord2_0/.snakemake/conda/6daaf4db/lib/python3.7/concurrent/futures/_base.py", line 384, in __get_result
    raise self._exception
ValueError: Premature stop codon in a gene!

During handling of the above exception, another exception occurred:

Traceback (most recent call last):
  File "/data/malcummi/pipelord2_new/pipelord2_0/.snakemake/conda/6daaf4db/bin/panaroo", line 10, in <module>
    sys.exit(main())
  File "/data/malcummi/pipelord2_new/pipelord2_0/.snakemake/conda/6daaf4db/lib/python3.7/site-packages/panaroo/__main__.py", line 288, in main
    args.n_cpu, args.table)
  File "/data/malcummi/pipelord2_new/pipelord2_0/.snakemake/conda/6daaf4db/lib/python3.7/site-packages/panaroo/prokka.py", line 257, in process_prokka_input
    raise RuntimeError("Error reading prokka input!")
RuntimeError: Error reading prokka input!
[Thu Jun  9 11:50:08 2022]
Error in rule panaroo:
    jobid: 2
    output: results/test/panaroo/test1
    log: logs/test/panaroo/test1.log (check log file(s) for error message)
    conda-env: /data/malcummi/pipelord2_new/pipelord2_0/.snakemake/conda/6daaf4db
    shell:
        cat results/test/subsets/test1_gff_locations.txt | xargs panaroo -o results/test/panaroo/test1 --clean-mode strict -a core --aligner mafft --core_threshold 0.98 -t 8 -i
        (one of the commands exited with non-zero exit code; note that snakemake uses bash strict mode!)

Removing output files of failed job panaroo since they might be corrupted:
results/test/panaroo/test1
Trying to restart job 2.
Select jobs to execute...

[Thu Jun  9 11:50:08 2022]
rule panaroo:
    input: results/test/subsets/test1_gff_locations.txt
    output: results/test/panaroo/test1
    log: logs/test/panaroo/test1.log
    jobid: 2
    wildcards: prefix=test, subset_prefix=test1
    threads: 8

cat results/test/subsets/test1_gff_locations.txt | xargs panaroo -o results/test/panaroo/test1 --clean-mode strict -a core --aligner mafft --core_threshold 0.98 -t 8 -i
Activating conda environment: /data/malcummi/pipelord2_new/pipelord2_0/.snakemake/conda/6daaf4db
  0%|          | 0/1 [00:00<?, ?it/s]  0%|          | 0/1 [00:02<?, ?it/s]
joblib.externals.loky.process_executor._RemoteTraceback: 
"""
Traceback (most recent call last):
  File "/data/malcummi/pipelord2_new/pipelord2_0/.snakemake/conda/6daaf4db/lib/python3.7/site-packages/joblib/externals/loky/process_executor.py", line 436, in _process_worker
    r = call_item()
  File "/data/malcummi/pipelord2_new/pipelord2_0/.snakemake/conda/6daaf4db/lib/python3.7/site-packages/joblib/externals/loky/process_executor.py", line 288, in __call__
    return self.fn(*self.args, **self.kwargs)
  File "/data/malcummi/pipelord2_new/pipelord2_0/.snakemake/conda/6daaf4db/lib/python3.7/site-packages/joblib/_parallel_backends.py", line 595, in __call__
    return self.func(*args, **kwargs)
  File "/data/malcummi/pipelord2_new/pipelord2_0/.snakemake/conda/6daaf4db/lib/python3.7/site-packages/joblib/parallel.py", line 263, in __call__
    for func, args, kwargs in self.items]
  File "/data/malcummi/pipelord2_new/pipelord2_0/.snakemake/conda/6daaf4db/lib/python3.7/site-packages/joblib/parallel.py", line 263, in <listcomp>
    for func, args, kwargs in self.items]
  File "/data/malcummi/pipelord2_new/pipelord2_0/.snakemake/conda/6daaf4db/lib/python3.7/site-packages/panaroo/prokka.py", line 175, in get_gene_sequences
    return sequence_dictionary, translate_sequences(sequence_dictionary, table)
  File "/data/malcummi/pipelord2_new/pipelord2_0/.snakemake/conda/6daaf4db/lib/python3.7/site-packages/panaroo/prokka.py", line 192, in translate_sequences
    raise ValueError("Premature stop codon in a gene!")
ValueError: Premature stop codon in a gene!
"""

The above exception was the direct cause of the following exception:

Traceback (most recent call last):
  File "/data/malcummi/pipelord2_new/pipelord2_0/.snakemake/conda/6daaf4db/lib/python3.7/site-packages/panaroo/prokka.py", line 247, in process_prokka_input
    for gff_no, gff in job)
  File "/data/malcummi/pipelord2_new/pipelord2_0/.snakemake/conda/6daaf4db/lib/python3.7/site-packages/joblib/parallel.py", line 1056, in __call__
    self.retrieve()
  File "/data/malcummi/pipelord2_new/pipelord2_0/.snakemake/conda/6daaf4db/lib/python3.7/site-packages/joblib/parallel.py", line 935, in retrieve
    self._output.extend(job.get(timeout=self.timeout))
  File "/data/malcummi/pipelord2_new/pipelord2_0/.snakemake/conda/6daaf4db/lib/python3.7/site-packages/joblib/_parallel_backends.py", line 542, in wrap_future_result
    return future.result(timeout=timeout)
  File "/data/malcummi/pipelord2_new/pipelord2_0/.snakemake/conda/6daaf4db/lib/python3.7/concurrent/futures/_base.py", line 428, in result
    return self.__get_result()
  File "/data/malcummi/pipelord2_new/pipelord2_0/.snakemake/conda/6daaf4db/lib/python3.7/concurrent/futures/_base.py", line 384, in __get_result
    raise self._exception
ValueError: Premature stop codon in a gene!

During handling of the above exception, another exception occurred:

Traceback (most recent call last):
  File "/data/malcummi/pipelord2_new/pipelord2_0/.snakemake/conda/6daaf4db/bin/panaroo", line 10, in <module>
    sys.exit(main())
  File "/data/malcummi/pipelord2_new/pipelord2_0/.snakemake/conda/6daaf4db/lib/python3.7/site-packages/panaroo/__main__.py", line 288, in main
    args.n_cpu, args.table)
  File "/data/malcummi/pipelord2_new/pipelord2_0/.snakemake/conda/6daaf4db/lib/python3.7/site-packages/panaroo/prokka.py", line 257, in process_prokka_input
    raise RuntimeError("Error reading prokka input!")
RuntimeError: Error reading prokka input!
[Thu Jun  9 11:50:12 2022]
Error in rule panaroo:
    jobid: 2
    output: results/test/panaroo/test1
    log: logs/test/panaroo/test1.log (check log file(s) for error message)
    conda-env: /data/malcummi/pipelord2_new/pipelord2_0/.snakemake/conda/6daaf4db
    shell:
        cat results/test/subsets/test1_gff_locations.txt | xargs panaroo -o results/test/panaroo/test1 --clean-mode strict -a core --aligner mafft --core_threshold 0.98 -t 8 -i
        (one of the commands exited with non-zero exit code; note that snakemake uses bash strict mode!)

Removing output files of failed job panaroo since they might be corrupted:
results/test/panaroo/test1
Trying to restart job 2.
Select jobs to execute...

[Thu Jun  9 11:50:12 2022]
rule panaroo:
    input: results/test/subsets/test1_gff_locations.txt
    output: results/test/panaroo/test1
    log: logs/test/panaroo/test1.log
    jobid: 2
    wildcards: prefix=test, subset_prefix=test1
    threads: 8

cat results/test/subsets/test1_gff_locations.txt | xargs panaroo -o results/test/panaroo/test1 --clean-mode strict -a core --aligner mafft --core_threshold 0.98 -t 8 -i
Activating conda environment: /data/malcummi/pipelord2_new/pipelord2_0/.snakemake/conda/6daaf4db
  0%|          | 0/1 [00:00<?, ?it/s]  0%|          | 0/1 [00:02<?, ?it/s]
joblib.externals.loky.process_executor._RemoteTraceback: 
"""
Traceback (most recent call last):
  File "/data/malcummi/pipelord2_new/pipelord2_0/.snakemake/conda/6daaf4db/lib/python3.7/site-packages/joblib/externals/loky/process_executor.py", line 436, in _process_worker
    r = call_item()
  File "/data/malcummi/pipelord2_new/pipelord2_0/.snakemake/conda/6daaf4db/lib/python3.7/site-packages/joblib/externals/loky/process_executor.py", line 288, in __call__
    return self.fn(*self.args, **self.kwargs)
  File "/data/malcummi/pipelord2_new/pipelord2_0/.snakemake/conda/6daaf4db/lib/python3.7/site-packages/joblib/_parallel_backends.py", line 595, in __call__
    return self.func(*args, **kwargs)
  File "/data/malcummi/pipelord2_new/pipelord2_0/.snakemake/conda/6daaf4db/lib/python3.7/site-packages/joblib/parallel.py", line 263, in __call__
    for func, args, kwargs in self.items]
  File "/data/malcummi/pipelord2_new/pipelord2_0/.snakemake/conda/6daaf4db/lib/python3.7/site-packages/joblib/parallel.py", line 263, in <listcomp>
    for func, args, kwargs in self.items]
  File "/data/malcummi/pipelord2_new/pipelord2_0/.snakemake/conda/6daaf4db/lib/python3.7/site-packages/panaroo/prokka.py", line 175, in get_gene_sequences
    return sequence_dictionary, translate_sequences(sequence_dictionary, table)
  File "/data/malcummi/pipelord2_new/pipelord2_0/.snakemake/conda/6daaf4db/lib/python3.7/site-packages/panaroo/prokka.py", line 192, in translate_sequences
    raise ValueError("Premature stop codon in a gene!")
ValueError: Premature stop codon in a gene!
"""

The above exception was the direct cause of the following exception:

Traceback (most recent call last):
  File "/data/malcummi/pipelord2_new/pipelord2_0/.snakemake/conda/6daaf4db/lib/python3.7/site-packages/panaroo/prokka.py", line 247, in process_prokka_input
    for gff_no, gff in job)
  File "/data/malcummi/pipelord2_new/pipelord2_0/.snakemake/conda/6daaf4db/lib/python3.7/site-packages/joblib/parallel.py", line 1056, in __call__
    self.retrieve()
  File "/data/malcummi/pipelord2_new/pipelord2_0/.snakemake/conda/6daaf4db/lib/python3.7/site-packages/joblib/parallel.py", line 935, in retrieve
    self._output.extend(job.get(timeout=self.timeout))
  File "/data/malcummi/pipelord2_new/pipelord2_0/.snakemake/conda/6daaf4db/lib/python3.7/site-packages/joblib/_parallel_backends.py", line 542, in wrap_future_result
    return future.result(timeout=timeout)
  File "/data/malcummi/pipelord2_new/pipelord2_0/.snakemake/conda/6daaf4db/lib/python3.7/concurrent/futures/_base.py", line 428, in result
    return self.__get_result()
  File "/data/malcummi/pipelord2_new/pipelord2_0/.snakemake/conda/6daaf4db/lib/python3.7/concurrent/futures/_base.py", line 384, in __get_result
    raise self._exception
ValueError: Premature stop codon in a gene!

During handling of the above exception, another exception occurred:

Traceback (most recent call last):
  File "/data/malcummi/pipelord2_new/pipelord2_0/.snakemake/conda/6daaf4db/bin/panaroo", line 10, in <module>
    sys.exit(main())
  File "/data/malcummi/pipelord2_new/pipelord2_0/.snakemake/conda/6daaf4db/lib/python3.7/site-packages/panaroo/__main__.py", line 288, in main
    args.n_cpu, args.table)
  File "/data/malcummi/pipelord2_new/pipelord2_0/.snakemake/conda/6daaf4db/lib/python3.7/site-packages/panaroo/prokka.py", line 257, in process_prokka_input
    raise RuntimeError("Error reading prokka input!")
RuntimeError: Error reading prokka input!
[Thu Jun  9 11:50:16 2022]
Error in rule panaroo:
    jobid: 2
    output: results/test/panaroo/test1
    log: logs/test/panaroo/test1.log (check log file(s) for error message)
    conda-env: /data/malcummi/pipelord2_new/pipelord2_0/.snakemake/conda/6daaf4db
    shell:
        cat results/test/subsets/test1_gff_locations.txt | xargs panaroo -o results/test/panaroo/test1 --clean-mode strict -a core --aligner mafft --core_threshold 0.98 -t 8 -i
        (one of the commands exited with non-zero exit code; note that snakemake uses bash strict mode!)

Removing output files of failed job panaroo since they might be corrupted:
results/test/panaroo/test1
Trying to restart job 2.
Select jobs to execute...

[Thu Jun  9 11:50:16 2022]
rule panaroo:
    input: results/test/subsets/test1_gff_locations.txt
    output: results/test/panaroo/test1
    log: logs/test/panaroo/test1.log
    jobid: 2
    wildcards: prefix=test, subset_prefix=test1
    threads: 8

cat results/test/subsets/test1_gff_locations.txt | xargs panaroo -o results/test/panaroo/test1 --clean-mode strict -a core --aligner mafft --core_threshold 0.98 -t 8 -i
Activating conda environment: /data/malcummi/pipelord2_new/pipelord2_0/.snakemake/conda/6daaf4db
  0%|          | 0/1 [00:00<?, ?it/s]  0%|          | 0/1 [00:02<?, ?it/s]
joblib.externals.loky.process_executor._RemoteTraceback: 
"""
Traceback (most recent call last):
  File "/data/malcummi/pipelord2_new/pipelord2_0/.snakemake/conda/6daaf4db/lib/python3.7/site-packages/joblib/externals/loky/process_executor.py", line 436, in _process_worker
    r = call_item()
  File "/data/malcummi/pipelord2_new/pipelord2_0/.snakemake/conda/6daaf4db/lib/python3.7/site-packages/joblib/externals/loky/process_executor.py", line 288, in __call__
    return self.fn(*self.args, **self.kwargs)
  File "/data/malcummi/pipelord2_new/pipelord2_0/.snakemake/conda/6daaf4db/lib/python3.7/site-packages/joblib/_parallel_backends.py", line 595, in __call__
    return self.func(*args, **kwargs)
  File "/data/malcummi/pipelord2_new/pipelord2_0/.snakemake/conda/6daaf4db/lib/python3.7/site-packages/joblib/parallel.py", line 263, in __call__
    for func, args, kwargs in self.items]
  File "/data/malcummi/pipelord2_new/pipelord2_0/.snakemake/conda/6daaf4db/lib/python3.7/site-packages/joblib/parallel.py", line 263, in <listcomp>
    for func, args, kwargs in self.items]
  File "/data/malcummi/pipelord2_new/pipelord2_0/.snakemake/conda/6daaf4db/lib/python3.7/site-packages/panaroo/prokka.py", line 175, in get_gene_sequences
    return sequence_dictionary, translate_sequences(sequence_dictionary, table)
  File "/data/malcummi/pipelord2_new/pipelord2_0/.snakemake/conda/6daaf4db/lib/python3.7/site-packages/panaroo/prokka.py", line 192, in translate_sequences
    raise ValueError("Premature stop codon in a gene!")
ValueError: Premature stop codon in a gene!
"""

The above exception was the direct cause of the following exception:

Traceback (most recent call last):
  File "/data/malcummi/pipelord2_new/pipelord2_0/.snakemake/conda/6daaf4db/lib/python3.7/site-packages/panaroo/prokka.py", line 247, in process_prokka_input
    for gff_no, gff in job)
  File "/data/malcummi/pipelord2_new/pipelord2_0/.snakemake/conda/6daaf4db/lib/python3.7/site-packages/joblib/parallel.py", line 1056, in __call__
    self.retrieve()
  File "/data/malcummi/pipelord2_new/pipelord2_0/.snakemake/conda/6daaf4db/lib/python3.7/site-packages/joblib/parallel.py", line 935, in retrieve
    self._output.extend(job.get(timeout=self.timeout))
  File "/data/malcummi/pipelord2_new/pipelord2_0/.snakemake/conda/6daaf4db/lib/python3.7/site-packages/joblib/_parallel_backends.py", line 542, in wrap_future_result
    return future.result(timeout=timeout)
  File "/data/malcummi/pipelord2_new/pipelord2_0/.snakemake/conda/6daaf4db/lib/python3.7/concurrent/futures/_base.py", line 428, in result
    return self.__get_result()
  File "/data/malcummi/pipelord2_new/pipelord2_0/.snakemake/conda/6daaf4db/lib/python3.7/concurrent/futures/_base.py", line 384, in __get_result
    raise self._exception
ValueError: Premature stop codon in a gene!

During handling of the above exception, another exception occurred:

Traceback (most recent call last):
  File "/data/malcummi/pipelord2_new/pipelord2_0/.snakemake/conda/6daaf4db/bin/panaroo", line 10, in <module>
    sys.exit(main())
  File "/data/malcummi/pipelord2_new/pipelord2_0/.snakemake/conda/6daaf4db/lib/python3.7/site-packages/panaroo/__main__.py", line 288, in main
    args.n_cpu, args.table)
  File "/data/malcummi/pipelord2_new/pipelord2_0/.snakemake/conda/6daaf4db/lib/python3.7/site-packages/panaroo/prokka.py", line 257, in process_prokka_input
    raise RuntimeError("Error reading prokka input!")
RuntimeError: Error reading prokka input!
[Thu Jun  9 11:50:20 2022]
Error in rule panaroo:
    jobid: 2
    output: results/test/panaroo/test1
    log: logs/test/panaroo/test1.log (check log file(s) for error message)
    conda-env: /data/malcummi/pipelord2_new/pipelord2_0/.snakemake/conda/6daaf4db
    shell:
        cat results/test/subsets/test1_gff_locations.txt | xargs panaroo -o results/test/panaroo/test1 --clean-mode strict -a core --aligner mafft --core_threshold 0.98 -t 8 -i
        (one of the commands exited with non-zero exit code; note that snakemake uses bash strict mode!)

Removing output files of failed job panaroo since they might be corrupted:
results/test/panaroo/test1
Trying to restart job 2.
Select jobs to execute...

[Thu Jun  9 11:50:20 2022]
rule panaroo:
    input: results/test/subsets/test1_gff_locations.txt
    output: results/test/panaroo/test1
    log: logs/test/panaroo/test1.log
    jobid: 2
    wildcards: prefix=test, subset_prefix=test1
    threads: 8

cat results/test/subsets/test1_gff_locations.txt | xargs panaroo -o results/test/panaroo/test1 --clean-mode strict -a core --aligner mafft --core_threshold 0.98 -t 8 -i
Activating conda environment: /data/malcummi/pipelord2_new/pipelord2_0/.snakemake/conda/6daaf4db
  0%|          | 0/1 [00:00<?, ?it/s]  0%|          | 0/1 [00:03<?, ?it/s]
joblib.externals.loky.process_executor._RemoteTraceback: 
"""
Traceback (most recent call last):
  File "/data/malcummi/pipelord2_new/pipelord2_0/.snakemake/conda/6daaf4db/lib/python3.7/site-packages/joblib/externals/loky/process_executor.py", line 436, in _process_worker
    r = call_item()
  File "/data/malcummi/pipelord2_new/pipelord2_0/.snakemake/conda/6daaf4db/lib/python3.7/site-packages/joblib/externals/loky/process_executor.py", line 288, in __call__
    return self.fn(*self.args, **self.kwargs)
  File "/data/malcummi/pipelord2_new/pipelord2_0/.snakemake/conda/6daaf4db/lib/python3.7/site-packages/joblib/_parallel_backends.py", line 595, in __call__
    return self.func(*args, **kwargs)
  File "/data/malcummi/pipelord2_new/pipelord2_0/.snakemake/conda/6daaf4db/lib/python3.7/site-packages/joblib/parallel.py", line 263, in __call__
    for func, args, kwargs in self.items]
  File "/data/malcummi/pipelord2_new/pipelord2_0/.snakemake/conda/6daaf4db/lib/python3.7/site-packages/joblib/parallel.py", line 263, in <listcomp>
    for func, args, kwargs in self.items]
  File "/data/malcummi/pipelord2_new/pipelord2_0/.snakemake/conda/6daaf4db/lib/python3.7/site-packages/panaroo/prokka.py", line 175, in get_gene_sequences
    return sequence_dictionary, translate_sequences(sequence_dictionary, table)
  File "/data/malcummi/pipelord2_new/pipelord2_0/.snakemake/conda/6daaf4db/lib/python3.7/site-packages/panaroo/prokka.py", line 192, in translate_sequences
    raise ValueError("Premature stop codon in a gene!")
ValueError: Premature stop codon in a gene!
"""

The above exception was the direct cause of the following exception:

Traceback (most recent call last):
  File "/data/malcummi/pipelord2_new/pipelord2_0/.snakemake/conda/6daaf4db/lib/python3.7/site-packages/panaroo/prokka.py", line 247, in process_prokka_input
    for gff_no, gff in job)
  File "/data/malcummi/pipelord2_new/pipelord2_0/.snakemake/conda/6daaf4db/lib/python3.7/site-packages/joblib/parallel.py", line 1056, in __call__
    self.retrieve()
  File "/data/malcummi/pipelord2_new/pipelord2_0/.snakemake/conda/6daaf4db/lib/python3.7/site-packages/joblib/parallel.py", line 935, in retrieve
    self._output.extend(job.get(timeout=self.timeout))
  File "/data/malcummi/pipelord2_new/pipelord2_0/.snakemake/conda/6daaf4db/lib/python3.7/site-packages/joblib/_parallel_backends.py", line 542, in wrap_future_result
    return future.result(timeout=timeout)
  File "/data/malcummi/pipelord2_new/pipelord2_0/.snakemake/conda/6daaf4db/lib/python3.7/concurrent/futures/_base.py", line 428, in result
    return self.__get_result()
  File "/data/malcummi/pipelord2_new/pipelord2_0/.snakemake/conda/6daaf4db/lib/python3.7/concurrent/futures/_base.py", line 384, in __get_result
    raise self._exception
ValueError: Premature stop codon in a gene!

During handling of the above exception, another exception occurred:

Traceback (most recent call last):
  File "/data/malcummi/pipelord2_new/pipelord2_0/.snakemake/conda/6daaf4db/bin/panaroo", line 10, in <module>
    sys.exit(main())
  File "/data/malcummi/pipelord2_new/pipelord2_0/.snakemake/conda/6daaf4db/lib/python3.7/site-packages/panaroo/__main__.py", line 288, in main
    args.n_cpu, args.table)
  File "/data/malcummi/pipelord2_new/pipelord2_0/.snakemake/conda/6daaf4db/lib/python3.7/site-packages/panaroo/prokka.py", line 257, in process_prokka_input
    raise RuntimeError("Error reading prokka input!")
RuntimeError: Error reading prokka input!
[Thu Jun  9 11:50:25 2022]
Error in rule panaroo:
    jobid: 2
    output: results/test/panaroo/test1
    log: logs/test/panaroo/test1.log (check log file(s) for error message)
    conda-env: /data/malcummi/pipelord2_new/pipelord2_0/.snakemake/conda/6daaf4db
    shell:
        cat results/test/subsets/test1_gff_locations.txt | xargs panaroo -o results/test/panaroo/test1 --clean-mode strict -a core --aligner mafft --core_threshold 0.98 -t 8 -i
        (one of the commands exited with non-zero exit code; note that snakemake uses bash strict mode!)

Removing output files of failed job panaroo since they might be corrupted:
results/test/panaroo/test1
Trying to restart job 2.
Select jobs to execute...

[Thu Jun  9 11:50:26 2022]
rule panaroo:
    input: results/test/subsets/test1_gff_locations.txt
    output: results/test/panaroo/test1
    log: logs/test/panaroo/test1.log
    jobid: 2
    wildcards: prefix=test, subset_prefix=test1
    threads: 8

cat results/test/subsets/test1_gff_locations.txt | xargs panaroo -o results/test/panaroo/test1 --clean-mode strict -a core --aligner mafft --core_threshold 0.98 -t 8 -i
Activating conda environment: /data/malcummi/pipelord2_new/pipelord2_0/.snakemake/conda/6daaf4db
  0%|          | 0/1 [00:00<?, ?it/s]  0%|          | 0/1 [00:02<?, ?it/s]
joblib.externals.loky.process_executor._RemoteTraceback: 
"""
Traceback (most recent call last):
  File "/data/malcummi/pipelord2_new/pipelord2_0/.snakemake/conda/6daaf4db/lib/python3.7/site-packages/joblib/externals/loky/process_executor.py", line 436, in _process_worker
    r = call_item()
  File "/data/malcummi/pipelord2_new/pipelord2_0/.snakemake/conda/6daaf4db/lib/python3.7/site-packages/joblib/externals/loky/process_executor.py", line 288, in __call__
    return self.fn(*self.args, **self.kwargs)
  File "/data/malcummi/pipelord2_new/pipelord2_0/.snakemake/conda/6daaf4db/lib/python3.7/site-packages/joblib/_parallel_backends.py", line 595, in __call__
    return self.func(*args, **kwargs)
  File "/data/malcummi/pipelord2_new/pipelord2_0/.snakemake/conda/6daaf4db/lib/python3.7/site-packages/joblib/parallel.py", line 263, in __call__
    for func, args, kwargs in self.items]
  File "/data/malcummi/pipelord2_new/pipelord2_0/.snakemake/conda/6daaf4db/lib/python3.7/site-packages/joblib/parallel.py", line 263, in <listcomp>
    for func, args, kwargs in self.items]
  File "/data/malcummi/pipelord2_new/pipelord2_0/.snakemake/conda/6daaf4db/lib/python3.7/site-packages/panaroo/prokka.py", line 175, in get_gene_sequences
    return sequence_dictionary, translate_sequences(sequence_dictionary, table)
  File "/data/malcummi/pipelord2_new/pipelord2_0/.snakemake/conda/6daaf4db/lib/python3.7/site-packages/panaroo/prokka.py", line 192, in translate_sequences
    raise ValueError("Premature stop codon in a gene!")
ValueError: Premature stop codon in a gene!
"""

The above exception was the direct cause of the following exception:

Traceback (most recent call last):
  File "/data/malcummi/pipelord2_new/pipelord2_0/.snakemake/conda/6daaf4db/lib/python3.7/site-packages/panaroo/prokka.py", line 247, in process_prokka_input
    for gff_no, gff in job)
  File "/data/malcummi/pipelord2_new/pipelord2_0/.snakemake/conda/6daaf4db/lib/python3.7/site-packages/joblib/parallel.py", line 1056, in __call__
    self.retrieve()
  File "/data/malcummi/pipelord2_new/pipelord2_0/.snakemake/conda/6daaf4db/lib/python3.7/site-packages/joblib/parallel.py", line 935, in retrieve
    self._output.extend(job.get(timeout=self.timeout))
  File "/data/malcummi/pipelord2_new/pipelord2_0/.snakemake/conda/6daaf4db/lib/python3.7/site-packages/joblib/_parallel_backends.py", line 542, in wrap_future_result
    return future.result(timeout=timeout)
  File "/data/malcummi/pipelord2_new/pipelord2_0/.snakemake/conda/6daaf4db/lib/python3.7/concurrent/futures/_base.py", line 428, in result
    return self.__get_result()
  File "/data/malcummi/pipelord2_new/pipelord2_0/.snakemake/conda/6daaf4db/lib/python3.7/concurrent/futures/_base.py", line 384, in __get_result
    raise self._exception
ValueError: Premature stop codon in a gene!

During handling of the above exception, another exception occurred:

Traceback (most recent call last):
  File "/data/malcummi/pipelord2_new/pipelord2_0/.snakemake/conda/6daaf4db/bin/panaroo", line 10, in <module>
    sys.exit(main())
  File "/data/malcummi/pipelord2_new/pipelord2_0/.snakemake/conda/6daaf4db/lib/python3.7/site-packages/panaroo/__main__.py", line 288, in main
    args.n_cpu, args.table)
  File "/data/malcummi/pipelord2_new/pipelord2_0/.snakemake/conda/6daaf4db/lib/python3.7/site-packages/panaroo/prokka.py", line 257, in process_prokka_input
    raise RuntimeError("Error reading prokka input!")
RuntimeError: Error reading prokka input!
[Thu Jun  9 11:50:32 2022]
Error in rule panaroo:
    jobid: 2
    output: results/test/panaroo/test1
    log: logs/test/panaroo/test1.log (check log file(s) for error message)
    conda-env: /data/malcummi/pipelord2_new/pipelord2_0/.snakemake/conda/6daaf4db
    shell:
        cat results/test/subsets/test1_gff_locations.txt | xargs panaroo -o results/test/panaroo/test1 --clean-mode strict -a core --aligner mafft --core_threshold 0.98 -t 8 -i
        (one of the commands exited with non-zero exit code; note that snakemake uses bash strict mode!)

Removing output files of failed job panaroo since they might be corrupted:
results/test/panaroo/test1
Trying to restart job 2.
Select jobs to execute...

[Thu Jun  9 11:50:32 2022]
rule panaroo:
    input: results/test/subsets/test1_gff_locations.txt
    output: results/test/panaroo/test1
    log: logs/test/panaroo/test1.log
    jobid: 2
    wildcards: prefix=test, subset_prefix=test1
    threads: 8

cat results/test/subsets/test1_gff_locations.txt | xargs panaroo -o results/test/panaroo/test1 --clean-mode strict -a core --aligner mafft --core_threshold 0.98 -t 8 -i
Activating conda environment: /data/malcummi/pipelord2_new/pipelord2_0/.snakemake/conda/6daaf4db
  0%|          | 0/1 [00:00<?, ?it/s]  0%|          | 0/1 [00:02<?, ?it/s]
joblib.externals.loky.process_executor._RemoteTraceback: 
"""
Traceback (most recent call last):
  File "/data/malcummi/pipelord2_new/pipelord2_0/.snakemake/conda/6daaf4db/lib/python3.7/site-packages/joblib/externals/loky/process_executor.py", line 436, in _process_worker
    r = call_item()
  File "/data/malcummi/pipelord2_new/pipelord2_0/.snakemake/conda/6daaf4db/lib/python3.7/site-packages/joblib/externals/loky/process_executor.py", line 288, in __call__
    return self.fn(*self.args, **self.kwargs)
  File "/data/malcummi/pipelord2_new/pipelord2_0/.snakemake/conda/6daaf4db/lib/python3.7/site-packages/joblib/_parallel_backends.py", line 595, in __call__
    return self.func(*args, **kwargs)
  File "/data/malcummi/pipelord2_new/pipelord2_0/.snakemake/conda/6daaf4db/lib/python3.7/site-packages/joblib/parallel.py", line 263, in __call__
    for func, args, kwargs in self.items]
  File "/data/malcummi/pipelord2_new/pipelord2_0/.snakemake/conda/6daaf4db/lib/python3.7/site-packages/joblib/parallel.py", line 263, in <listcomp>
    for func, args, kwargs in self.items]
  File "/data/malcummi/pipelord2_new/pipelord2_0/.snakemake/conda/6daaf4db/lib/python3.7/site-packages/panaroo/prokka.py", line 175, in get_gene_sequences
    return sequence_dictionary, translate_sequences(sequence_dictionary, table)
  File "/data/malcummi/pipelord2_new/pipelord2_0/.snakemake/conda/6daaf4db/lib/python3.7/site-packages/panaroo/prokka.py", line 192, in translate_sequences
    raise ValueError("Premature stop codon in a gene!")
ValueError: Premature stop codon in a gene!
"""

The above exception was the direct cause of the following exception:

Traceback (most recent call last):
  File "/data/malcummi/pipelord2_new/pipelord2_0/.snakemake/conda/6daaf4db/lib/python3.7/site-packages/panaroo/prokka.py", line 247, in process_prokka_input
    for gff_no, gff in job)
  File "/data/malcummi/pipelord2_new/pipelord2_0/.snakemake/conda/6daaf4db/lib/python3.7/site-packages/joblib/parallel.py", line 1056, in __call__
    self.retrieve()
  File "/data/malcummi/pipelord2_new/pipelord2_0/.snakemake/conda/6daaf4db/lib/python3.7/site-packages/joblib/parallel.py", line 935, in retrieve
    self._output.extend(job.get(timeout=self.timeout))
  File "/data/malcummi/pipelord2_new/pipelord2_0/.snakemake/conda/6daaf4db/lib/python3.7/site-packages/joblib/_parallel_backends.py", line 542, in wrap_future_result
    return future.result(timeout=timeout)
  File "/data/malcummi/pipelord2_new/pipelord2_0/.snakemake/conda/6daaf4db/lib/python3.7/concurrent/futures/_base.py", line 428, in result
    return self.__get_result()
  File "/data/malcummi/pipelord2_new/pipelord2_0/.snakemake/conda/6daaf4db/lib/python3.7/concurrent/futures/_base.py", line 384, in __get_result
    raise self._exception
ValueError: Premature stop codon in a gene!

During handling of the above exception, another exception occurred:

Traceback (most recent call last):
  File "/data/malcummi/pipelord2_new/pipelord2_0/.snakemake/conda/6daaf4db/bin/panaroo", line 10, in <module>
    sys.exit(main())
  File "/data/malcummi/pipelord2_new/pipelord2_0/.snakemake/conda/6daaf4db/lib/python3.7/site-packages/panaroo/__main__.py", line 288, in main
    args.n_cpu, args.table)
  File "/data/malcummi/pipelord2_new/pipelord2_0/.snakemake/conda/6daaf4db/lib/python3.7/site-packages/panaroo/prokka.py", line 257, in process_prokka_input
    raise RuntimeError("Error reading prokka input!")
RuntimeError: Error reading prokka input!
[Thu Jun  9 11:50:36 2022]
Error in rule panaroo:
    jobid: 2
    output: results/test/panaroo/test1
    log: logs/test/panaroo/test1.log (check log file(s) for error message)
    conda-env: /data/malcummi/pipelord2_new/pipelord2_0/.snakemake/conda/6daaf4db
    shell:
        cat results/test/subsets/test1_gff_locations.txt | xargs panaroo -o results/test/panaroo/test1 --clean-mode strict -a core --aligner mafft --core_threshold 0.98 -t 8 -i
        (one of the commands exited with non-zero exit code; note that snakemake uses bash strict mode!)

Removing output files of failed job panaroo since they might be corrupted:
results/test/panaroo/test1
Trying to restart job 2.
Select jobs to execute...

[Thu Jun  9 11:50:37 2022]
rule panaroo:
    input: results/test/subsets/test1_gff_locations.txt
    output: results/test/panaroo/test1
    log: logs/test/panaroo/test1.log
    jobid: 2
    wildcards: prefix=test, subset_prefix=test1
    threads: 8

cat results/test/subsets/test1_gff_locations.txt | xargs panaroo -o results/test/panaroo/test1 --clean-mode strict -a core --aligner mafft --core_threshold 0.98 -t 8 -i
Activating conda environment: /data/malcummi/pipelord2_new/pipelord2_0/.snakemake/conda/6daaf4db
  0%|          | 0/1 [00:00<?, ?it/s]  0%|          | 0/1 [00:03<?, ?it/s]
joblib.externals.loky.process_executor._RemoteTraceback: 
"""
Traceback (most recent call last):
  File "/data/malcummi/pipelord2_new/pipelord2_0/.snakemake/conda/6daaf4db/lib/python3.7/site-packages/joblib/externals/loky/process_executor.py", line 436, in _process_worker
    r = call_item()
  File "/data/malcummi/pipelord2_new/pipelord2_0/.snakemake/conda/6daaf4db/lib/python3.7/site-packages/joblib/externals/loky/process_executor.py", line 288, in __call__
    return self.fn(*self.args, **self.kwargs)
  File "/data/malcummi/pipelord2_new/pipelord2_0/.snakemake/conda/6daaf4db/lib/python3.7/site-packages/joblib/_parallel_backends.py", line 595, in __call__
    return self.func(*args, **kwargs)
  File "/data/malcummi/pipelord2_new/pipelord2_0/.snakemake/conda/6daaf4db/lib/python3.7/site-packages/joblib/parallel.py", line 263, in __call__
    for func, args, kwargs in self.items]
  File "/data/malcummi/pipelord2_new/pipelord2_0/.snakemake/conda/6daaf4db/lib/python3.7/site-packages/joblib/parallel.py", line 263, in <listcomp>
    for func, args, kwargs in self.items]
  File "/data/malcummi/pipelord2_new/pipelord2_0/.snakemake/conda/6daaf4db/lib/python3.7/site-packages/panaroo/prokka.py", line 175, in get_gene_sequences
    return sequence_dictionary, translate_sequences(sequence_dictionary, table)
  File "/data/malcummi/pipelord2_new/pipelord2_0/.snakemake/conda/6daaf4db/lib/python3.7/site-packages/panaroo/prokka.py", line 192, in translate_sequences
    raise ValueError("Premature stop codon in a gene!")
ValueError: Premature stop codon in a gene!
"""

The above exception was the direct cause of the following exception:

Traceback (most recent call last):
  File "/data/malcummi/pipelord2_new/pipelord2_0/.snakemake/conda/6daaf4db/lib/python3.7/site-packages/panaroo/prokka.py", line 247, in process_prokka_input
    for gff_no, gff in job)
  File "/data/malcummi/pipelord2_new/pipelord2_0/.snakemake/conda/6daaf4db/lib/python3.7/site-packages/joblib/parallel.py", line 1056, in __call__
    self.retrieve()
  File "/data/malcummi/pipelord2_new/pipelord2_0/.snakemake/conda/6daaf4db/lib/python3.7/site-packages/joblib/parallel.py", line 935, in retrieve
    self._output.extend(job.get(timeout=self.timeout))
  File "/data/malcummi/pipelord2_new/pipelord2_0/.snakemake/conda/6daaf4db/lib/python3.7/site-packages/joblib/_parallel_backends.py", line 542, in wrap_future_result
    return future.result(timeout=timeout)
  File "/data/malcummi/pipelord2_new/pipelord2_0/.snakemake/conda/6daaf4db/lib/python3.7/concurrent/futures/_base.py", line 428, in result
    return self.__get_result()
  File "/data/malcummi/pipelord2_new/pipelord2_0/.snakemake/conda/6daaf4db/lib/python3.7/concurrent/futures/_base.py", line 384, in __get_result
    raise self._exception
ValueError: Premature stop codon in a gene!

During handling of the above exception, another exception occurred:

Traceback (most recent call last):
  File "/data/malcummi/pipelord2_new/pipelord2_0/.snakemake/conda/6daaf4db/bin/panaroo", line 10, in <module>
    sys.exit(main())
  File "/data/malcummi/pipelord2_new/pipelord2_0/.snakemake/conda/6daaf4db/lib/python3.7/site-packages/panaroo/__main__.py", line 288, in main
    args.n_cpu, args.table)
  File "/data/malcummi/pipelord2_new/pipelord2_0/.snakemake/conda/6daaf4db/lib/python3.7/site-packages/panaroo/prokka.py", line 257, in process_prokka_input
    raise RuntimeError("Error reading prokka input!")
RuntimeError: Error reading prokka input!
[Thu Jun  9 11:50:41 2022]
Error in rule panaroo:
    jobid: 2
    output: results/test/panaroo/test1
    log: logs/test/panaroo/test1.log (check log file(s) for error message)
    conda-env: /data/malcummi/pipelord2_new/pipelord2_0/.snakemake/conda/6daaf4db
    shell:
        cat results/test/subsets/test1_gff_locations.txt | xargs panaroo -o results/test/panaroo/test1 --clean-mode strict -a core --aligner mafft --core_threshold 0.98 -t 8 -i
        (one of the commands exited with non-zero exit code; note that snakemake uses bash strict mode!)

Removing output files of failed job panaroo since they might be corrupted:
results/test/panaroo/test1
Trying to restart job 2.
Select jobs to execute...

[Thu Jun  9 11:50:41 2022]
rule panaroo:
    input: results/test/subsets/test1_gff_locations.txt
    output: results/test/panaroo/test1
    log: logs/test/panaroo/test1.log
    jobid: 2
    wildcards: prefix=test, subset_prefix=test1
    threads: 8

cat results/test/subsets/test1_gff_locations.txt | xargs panaroo -o results/test/panaroo/test1 --clean-mode strict -a core --aligner mafft --core_threshold 0.98 -t 8 -i
Activating conda environment: /data/malcummi/pipelord2_new/pipelord2_0/.snakemake/conda/6daaf4db
  0%|          | 0/1 [00:00<?, ?it/s]  0%|          | 0/1 [00:03<?, ?it/s]
joblib.externals.loky.process_executor._RemoteTraceback: 
"""
Traceback (most recent call last):
  File "/data/malcummi/pipelord2_new/pipelord2_0/.snakemake/conda/6daaf4db/lib/python3.7/site-packages/joblib/externals/loky/process_executor.py", line 436, in _process_worker
    r = call_item()
  File "/data/malcummi/pipelord2_new/pipelord2_0/.snakemake/conda/6daaf4db/lib/python3.7/site-packages/joblib/externals/loky/process_executor.py", line 288, in __call__
    return self.fn(*self.args, **self.kwargs)
  File "/data/malcummi/pipelord2_new/pipelord2_0/.snakemake/conda/6daaf4db/lib/python3.7/site-packages/joblib/_parallel_backends.py", line 595, in __call__
    return self.func(*args, **kwargs)
  File "/data/malcummi/pipelord2_new/pipelord2_0/.snakemake/conda/6daaf4db/lib/python3.7/site-packages/joblib/parallel.py", line 263, in __call__
    for func, args, kwargs in self.items]
  File "/data/malcummi/pipelord2_new/pipelord2_0/.snakemake/conda/6daaf4db/lib/python3.7/site-packages/joblib/parallel.py", line 263, in <listcomp>
    for func, args, kwargs in self.items]
  File "/data/malcummi/pipelord2_new/pipelord2_0/.snakemake/conda/6daaf4db/lib/python3.7/site-packages/panaroo/prokka.py", line 175, in get_gene_sequences
    return sequence_dictionary, translate_sequences(sequence_dictionary, table)
  File "/data/malcummi/pipelord2_new/pipelord2_0/.snakemake/conda/6daaf4db/lib/python3.7/site-packages/panaroo/prokka.py", line 192, in translate_sequences
    raise ValueError("Premature stop codon in a gene!")
ValueError: Premature stop codon in a gene!
"""

The above exception was the direct cause of the following exception:

Traceback (most recent call last):
  File "/data/malcummi/pipelord2_new/pipelord2_0/.snakemake/conda/6daaf4db/lib/python3.7/site-packages/panaroo/prokka.py", line 247, in process_prokka_input
    for gff_no, gff in job)
  File "/data/malcummi/pipelord2_new/pipelord2_0/.snakemake/conda/6daaf4db/lib/python3.7/site-packages/joblib/parallel.py", line 1056, in __call__
    self.retrieve()
  File "/data/malcummi/pipelord2_new/pipelord2_0/.snakemake/conda/6daaf4db/lib/python3.7/site-packages/joblib/parallel.py", line 935, in retrieve
    self._output.extend(job.get(timeout=self.timeout))
  File "/data/malcummi/pipelord2_new/pipelord2_0/.snakemake/conda/6daaf4db/lib/python3.7/site-packages/joblib/_parallel_backends.py", line 542, in wrap_future_result
    return future.result(timeout=timeout)
  File "/data/malcummi/pipelord2_new/pipelord2_0/.snakemake/conda/6daaf4db/lib/python3.7/concurrent/futures/_base.py", line 428, in result
    return self.__get_result()
  File "/data/malcummi/pipelord2_new/pipelord2_0/.snakemake/conda/6daaf4db/lib/python3.7/concurrent/futures/_base.py", line 384, in __get_result
    raise self._exception
ValueError: Premature stop codon in a gene!

During handling of the above exception, another exception occurred:

Traceback (most recent call last):
  File "/data/malcummi/pipelord2_new/pipelord2_0/.snakemake/conda/6daaf4db/bin/panaroo", line 10, in <module>
    sys.exit(main())
  File "/data/malcummi/pipelord2_new/pipelord2_0/.snakemake/conda/6daaf4db/lib/python3.7/site-packages/panaroo/__main__.py", line 288, in main
    args.n_cpu, args.table)
  File "/data/malcummi/pipelord2_new/pipelord2_0/.snakemake/conda/6daaf4db/lib/python3.7/site-packages/panaroo/prokka.py", line 257, in process_prokka_input
    raise RuntimeError("Error reading prokka input!")
RuntimeError: Error reading prokka input!
[Thu Jun  9 11:50:46 2022]
Error in rule panaroo:
    jobid: 2
    output: results/test/panaroo/test1
    log: logs/test/panaroo/test1.log (check log file(s) for error message)
    conda-env: /data/malcummi/pipelord2_new/pipelord2_0/.snakemake/conda/6daaf4db
    shell:
        cat results/test/subsets/test1_gff_locations.txt | xargs panaroo -o results/test/panaroo/test1 --clean-mode strict -a core --aligner mafft --core_threshold 0.98 -t 8 -i
        (one of the commands exited with non-zero exit code; note that snakemake uses bash strict mode!)

Removing output files of failed job panaroo since they might be corrupted:
results/test/panaroo/test1
Shutting down, this might take some time.
Exiting because a job execution failed. Look above for error message
echo Your Snakemake job with prefix 'test' has failed. | mail -s 'Snakemake job has failed' None
Complete log: /data/malcummi/pipelord2_new/pipelord2_0/.snakemake/log/2022-06-09T114353.406574.snakemake.log
